[0.017s] Invoking command in '/home/tanakon/RoboticsDev2024/build/motorsim_interfaces': CMAKE_PREFIX_PATH=${CMAKE_PREFIX_PATH}:/home/tanakon/carver_outdoor_ws/install/ackermann_odometry:/home/tanakon/carver_outdoor_ws/install/ackermann_controller:/opt/ros/humble /usr/local/bin/cmake /home/tanakon/RoboticsDev2024/src/motorsim_interfaces -DCMAKE_INSTALL_PREFIX=/home/tanakon/RoboticsDev2024/install/motorsim_interfaces
[0.096s] -- The C compiler identification is GNU 11.4.0
[0.164s] -- The CXX compiler identification is GNU 11.4.0
[0.181s] -- Detecting C compiler ABI info
[0.245s] -- Detecting C compiler ABI info - done
[0.252s] -- Check for working C compiler: /usr/bin/cc - skipped
[0.253s] -- Detecting C compile features
[0.253s] -- Detecting C compile features - done
[0.262s] -- Detecting CXX compiler ABI info
[0.333s] -- Detecting CXX compiler ABI info - done
[0.340s] -- Check for working CXX compiler: /usr/bin/c++ - skipped
[0.340s] -- Detecting CXX compile features
[0.340s] -- Detecting CXX compile features - done
[0.351s] -- Found ament_cmake: 1.3.9 (/opt/ros/humble/share/ament_cmake/cmake)
[0.501s] -- Found Python3: /usr/bin/python3 (found version "3.10.12") found components: Interpreter 
[0.674s] -- Found rosidl_default_generators: 1.2.0 (/opt/ros/humble/share/rosidl_default_generators/cmake)
[0.689s] -- Using all available rosidl_typesupport_c: rosidl_typesupport_fastrtps_c;rosidl_typesupport_introspection_c
[0.711s] -- Found rosidl_adapter: 3.1.5 (/opt/ros/humble/share/rosidl_adapter/cmake)
[0.803s] -- Using all available rosidl_typesupport_cpp: rosidl_typesupport_fastrtps_cpp;rosidl_typesupport_introspection_cpp
[1.261s] -- Found ament_cmake_ros: 0.10.0 (/opt/ros/humble/share/ament_cmake_ros/cmake)
[1.701s] -- Using all available rosidl_typesupport_c: rosidl_typesupport_fastrtps_c;rosidl_typesupport_introspection_c
[2.263s] -- Using all available rosidl_typesupport_cpp: rosidl_typesupport_fastrtps_cpp;rosidl_typesupport_introspection_cpp
[2.272s] [33mCMake Warning (dev) at /opt/ros/humble/share/rosidl_generator_py/cmake/rosidl_generator_py_generate_interfaces.cmake:20 (find_package):
[2.272s]   Policy CMP0148 is not set: The FindPythonInterp and FindPythonLibs modules
[2.272s]   are removed.  Run "cmake --help-policy CMP0148" for policy details.  Use
[2.272s]   the cmake_policy command to set the policy and suppress this warning.
[2.272s] 
[2.272s] Call Stack (most recent call first):
[2.272s]   /opt/ros/humble/share/ament_cmake_core/cmake/core/ament_execute_extensions.cmake:48 (include)
[2.272s]   /opt/ros/humble/share/rosidl_cmake/cmake/rosidl_generate_interfaces.cmake:286 (ament_execute_extensions)
[2.272s]   CMakeLists.txt:16 (rosidl_generate_interfaces)
[2.273s] This warning is for project developers.  Use -Wno-dev to suppress it.
[2.273s] [0m
[2.295s] -- Found PythonInterp: /usr/bin/python3 (found suitable version "3.10.12", minimum required is "3.6") 
[2.302s] -- Found python_cmake_module: 0.10.0 (/opt/ros/humble/share/python_cmake_module/cmake)
[2.302s] [33mCMake Warning (dev) at /opt/ros/humble/share/python_cmake_module/cmake/Modules/FindPythonExtra.cmake:52 (find_package):
[2.303s]   Policy CMP0148 is not set: The FindPythonInterp and FindPythonLibs modules
[2.303s]   are removed.  Run "cmake --help-policy CMP0148" for policy details.  Use
[2.303s]   the cmake_policy command to set the policy and suppress this warning.
[2.303s] 
[2.303s] Call Stack (most recent call first):
[2.303s]   /opt/ros/humble/share/rosidl_generator_py/cmake/rosidl_generator_py_generate_interfaces.cmake:23 (find_package)
[2.303s]   /opt/ros/humble/share/ament_cmake_core/cmake/core/ament_execute_extensions.cmake:48 (include)
[2.303s]   /opt/ros/humble/share/rosidl_cmake/cmake/rosidl_generate_interfaces.cmake:286 (ament_execute_extensions)
[2.303s]   CMakeLists.txt:16 (rosidl_generate_interfaces)
[2.303s] This warning is for project developers.  Use -Wno-dev to suppress it.
[2.303s] [0m
[2.324s] [33mCMake Warning (dev) at /opt/ros/humble/share/python_cmake_module/cmake/Modules/FindPythonExtra.cmake:140 (find_package):
[2.324s]   Policy CMP0148 is not set: The FindPythonInterp and FindPythonLibs modules
[2.324s]   are removed.  Run "cmake --help-policy CMP0148" for policy details.  Use
[2.324s]   the cmake_policy command to set the policy and suppress this warning.
[2.324s] 
[2.324s] Call Stack (most recent call first):
[2.324s]   /opt/ros/humble/share/rosidl_generator_py/cmake/rosidl_generator_py_generate_interfaces.cmake:23 (find_package)
[2.324s]   /opt/ros/humble/share/ament_cmake_core/cmake/core/ament_execute_extensions.cmake:48 (include)
[2.324s]   /opt/ros/humble/share/rosidl_cmake/cmake/rosidl_generate_interfaces.cmake:286 (ament_execute_extensions)
[2.325s]   CMakeLists.txt:16 (rosidl_generate_interfaces)
[2.325s] This warning is for project developers.  Use -Wno-dev to suppress it.
[2.325s] [0m
[2.334s] -- Found PythonLibs: /usr/lib/x86_64-linux-gnu/libpython3.10.so (found suitable version "3.10.12", minimum required is "3.5") 
[2.334s] -- Using PYTHON_EXECUTABLE: /usr/bin/python3
[2.334s] -- Using PYTHON_INCLUDE_DIRS: /usr/include/python3.10
[2.334s] -- Using PYTHON_LIBRARIES: /usr/lib/x86_64-linux-gnu/libpython3.10.so
[2.356s] -- Found PythonExtra: .so  
[2.410s] -- Found ament_lint_auto: 0.12.11 (/opt/ros/humble/share/ament_lint_auto/cmake)
[2.468s] -- Added test 'lint_cmake' to check CMake code style
[2.470s] -- Added test 'xmllint' to check XML markup files
[2.474s] -- Configuring done (2.5s)
[2.505s] -- Generating done (0.0s)
[2.508s] -- Build files have been written to: /home/tanakon/RoboticsDev2024/build/motorsim_interfaces
[2.515s] Invoked command in '/home/tanakon/RoboticsDev2024/build/motorsim_interfaces' returned '0': CMAKE_PREFIX_PATH=${CMAKE_PREFIX_PATH}:/home/tanakon/carver_outdoor_ws/install/ackermann_odometry:/home/tanakon/carver_outdoor_ws/install/ackermann_controller:/opt/ros/humble /usr/local/bin/cmake /home/tanakon/RoboticsDev2024/src/motorsim_interfaces -DCMAKE_INSTALL_PREFIX=/home/tanakon/RoboticsDev2024/install/motorsim_interfaces
[2.516s] Invoking command in '/home/tanakon/RoboticsDev2024/build/motorsim_interfaces': CMAKE_PREFIX_PATH=${CMAKE_PREFIX_PATH}:/home/tanakon/carver_outdoor_ws/install/ackermann_odometry:/home/tanakon/carver_outdoor_ws/install/ackermann_controller:/opt/ros/humble /usr/local/bin/cmake --build /home/tanakon/RoboticsDev2024/build/motorsim_interfaces -- -j16 -l16
[2.539s] [  3%] [34m[1mGenerating C code for ROS interfaces[0m
[2.544s] [  6%] [34m[1mGenerating C++ code for ROS interfaces[0m
[2.548s] [  6%] Built target ament_cmake_python_copy_motorsim_interfaces
[2.733s] [  6%] Built target motorsim_interfaces__cpp
[2.739s] [ 12%] [34m[1mGenerating C++ type support dispatch for ROS interfaces[0m
[2.739s] [ 12%] [34m[1mGenerating C++ type support for eProsima Fast-RTPS[0m
[2.739s] [ 16%] [32mBuilding C object CMakeFiles/motorsim_interfaces__rosidl_generator_c.dir/rosidl_generator_c/motorsim_interfaces/srv/detail/motor_spawn__functions.c.o[0m
[2.739s] [ 19%] [34m[1mGenerating C++ introspection for ROS interfaces[0m
[2.785s] [ 22%] [32m[1mLinking C shared library libmotorsim_interfaces__rosidl_generator_c.so[0m
[2.786s] running egg_info
[2.787s] creating motorsim_interfaces.egg-info
[2.787s] writing motorsim_interfaces.egg-info/PKG-INFO
[2.787s] writing dependency_links to motorsim_interfaces.egg-info/dependency_links.txt
[2.787s] writing top-level names to motorsim_interfaces.egg-info/top_level.txt
[2.788s] writing manifest file 'motorsim_interfaces.egg-info/SOURCES.txt'
[2.789s] reading manifest file 'motorsim_interfaces.egg-info/SOURCES.txt'
[2.790s] writing manifest file 'motorsim_interfaces.egg-info/SOURCES.txt'
[2.810s] [ 22%] Built target motorsim_interfaces__rosidl_generator_c
[2.813s] [ 22%] Built target ament_cmake_python_build_motorsim_interfaces_egg
[2.816s] [ 25%] [34m[1mGenerating C type support for eProsima Fast-RTPS[0m
[2.816s] [ 29%] [34m[1mGenerating C introspection for ROS interfaces[0m
[2.816s] [ 32%] [34m[1mGenerating C type support dispatch for ROS interfaces[0m
[2.913s] [ 35%] [32mBuilding CXX object CMakeFiles/motorsim_interfaces__rosidl_typesupport_cpp.dir/rosidl_typesupport_cpp/motorsim_interfaces/srv/motor_spawn__type_support.cpp.o[0m
[2.930s] [ 38%] [32mBuilding CXX object CMakeFiles/motorsim_interfaces__rosidl_typesupport_introspection_cpp.dir/rosidl_typesupport_introspection_cpp/motorsim_interfaces/srv/detail/motor_spawn__type_support.cpp.o[0m
[2.936s] [ 41%] [32mBuilding CXX object CMakeFiles/motorsim_interfaces__rosidl_typesupport_fastrtps_cpp.dir/rosidl_typesupport_fastrtps_cpp/motorsim_interfaces/srv/detail/dds_fastrtps/motor_spawn__type_support.cpp.o[0m
[2.991s] [ 45%] [32mBuilding CXX object CMakeFiles/motorsim_interfaces__rosidl_typesupport_c.dir/rosidl_typesupport_c/motorsim_interfaces/srv/motor_spawn__type_support.cpp.o[0m
[3.012s] [ 51%] [32mBuilding C object CMakeFiles/motorsim_interfaces__rosidl_typesupport_introspection_c.dir/rosidl_typesupport_introspection_c/motorsim_interfaces/srv/detail/motor_spawn__type_support.c.o[0m
[3.012s] [ 51%] [32mBuilding CXX object CMakeFiles/motorsim_interfaces__rosidl_typesupport_fastrtps_c.dir/rosidl_typesupport_fastrtps_c/motorsim_interfaces/srv/detail/motor_spawn__type_support_c.cpp.o[0m
[3.017s] [ 54%] [32m[1mLinking CXX shared library libmotorsim_interfaces__rosidl_typesupport_c.so[0m
[3.041s] [ 58%] [32m[1mLinking C shared library libmotorsim_interfaces__rosidl_typesupport_introspection_c.so[0m
[3.046s] [ 58%] Built target motorsim_interfaces__rosidl_typesupport_c
[3.062s] [ 58%] Built target motorsim_interfaces__rosidl_typesupport_introspection_c
[3.109s] [ 61%] [32m[1mLinking CXX shared library libmotorsim_interfaces__rosidl_typesupport_cpp.so[0m
[3.138s] [ 61%] Built target motorsim_interfaces__rosidl_typesupport_cpp
[3.197s] [ 64%] [32m[1mLinking CXX shared library libmotorsim_interfaces__rosidl_typesupport_introspection_cpp.so[0m
[3.228s] [ 67%] [32m[1mLinking CXX shared library libmotorsim_interfaces__rosidl_typesupport_fastrtps_cpp.so[0m
[3.242s] [ 67%] Built target motorsim_interfaces__rosidl_typesupport_introspection_cpp
[3.255s] [ 70%] [32m[1mLinking CXX shared library libmotorsim_interfaces__rosidl_typesupport_fastrtps_c.so[0m
[3.278s] [ 70%] Built target motorsim_interfaces__rosidl_typesupport_fastrtps_cpp
[3.304s] [ 70%] Built target motorsim_interfaces__rosidl_typesupport_fastrtps_c
[3.316s] [ 70%] Built target motorsim_interfaces
[3.330s] [ 74%] [34m[1mGenerating Python code for ROS interfaces[0m
[3.563s] [ 74%] Built target motorsim_interfaces__py
[3.577s] [ 77%] [32mBuilding C object CMakeFiles/motorsim_interfaces__rosidl_generator_py.dir/rosidl_generator_py/motorsim_interfaces/srv/_motor_spawn_s.c.o[0m
[3.666s] [ 80%] [32m[1mLinking C shared library rosidl_generator_py/motorsim_interfaces/libmotorsim_interfaces__rosidl_generator_py.so[0m
[3.692s] [ 80%] Built target motorsim_interfaces__rosidl_generator_py
[3.704s] [ 87%] [32mBuilding C object CMakeFiles/motorsim_interfaces__rosidl_typesupport_introspection_c__pyext.dir/rosidl_generator_py/motorsim_interfaces/_motorsim_interfaces_s.ep.rosidl_typesupport_introspection_c.c.o[0m
[3.704s] [ 87%] [32mBuilding C object CMakeFiles/motorsim_interfaces__rosidl_typesupport_fastrtps_c__pyext.dir/rosidl_generator_py/motorsim_interfaces/_motorsim_interfaces_s.ep.rosidl_typesupport_fastrtps_c.c.o[0m
[3.705s] [ 90%] [32mBuilding C object CMakeFiles/motorsim_interfaces__rosidl_typesupport_c__pyext.dir/rosidl_generator_py/motorsim_interfaces/_motorsim_interfaces_s.ep.rosidl_typesupport_c.c.o[0m
[3.770s] [ 96%] [32m[1mLinking C shared library rosidl_generator_py/motorsim_interfaces/motorsim_interfaces_s__rosidl_typesupport_introspection_c.cpython-310-x86_64-linux-gnu.so[0m
[3.770s] [ 96%] [32m[1mLinking C shared library rosidl_generator_py/motorsim_interfaces/motorsim_interfaces_s__rosidl_typesupport_c.cpython-310-x86_64-linux-gnu.so[0m
[3.774s] [100%] [32m[1mLinking C shared library rosidl_generator_py/motorsim_interfaces/motorsim_interfaces_s__rosidl_typesupport_fastrtps_c.cpython-310-x86_64-linux-gnu.so[0m
[3.792s] [100%] Built target motorsim_interfaces__rosidl_typesupport_introspection_c__pyext
[3.792s] [100%] Built target motorsim_interfaces__rosidl_typesupport_c__pyext
[3.797s] [100%] Built target motorsim_interfaces__rosidl_typesupport_fastrtps_c__pyext
[3.803s] Invoked command in '/home/tanakon/RoboticsDev2024/build/motorsim_interfaces' returned '0': CMAKE_PREFIX_PATH=${CMAKE_PREFIX_PATH}:/home/tanakon/carver_outdoor_ws/install/ackermann_odometry:/home/tanakon/carver_outdoor_ws/install/ackermann_controller:/opt/ros/humble /usr/local/bin/cmake --build /home/tanakon/RoboticsDev2024/build/motorsim_interfaces -- -j16 -l16
[3.891s] Invoking command in '/home/tanakon/RoboticsDev2024/build/motorsim_interfaces': CMAKE_PREFIX_PATH=${CMAKE_PREFIX_PATH}:/home/tanakon/carver_outdoor_ws/install/ackermann_odometry:/home/tanakon/carver_outdoor_ws/install/ackermann_controller:/opt/ros/humble /usr/local/bin/cmake --install /home/tanakon/RoboticsDev2024/build/motorsim_interfaces
[3.894s] -- Install configuration: ""
[3.895s] -- Installing: /home/tanakon/RoboticsDev2024/install/motorsim_interfaces/share/ament_index/resource_index/rosidl_interfaces/motorsim_interfaces
[3.895s] -- Installing: /home/tanakon/RoboticsDev2024/install/motorsim_interfaces/include/motorsim_interfaces/motorsim_interfaces
[3.895s] -- Installing: /home/tanakon/RoboticsDev2024/install/motorsim_interfaces/include/motorsim_interfaces/motorsim_interfaces/msg
[3.895s] -- Installing: /home/tanakon/RoboticsDev2024/install/motorsim_interfaces/include/motorsim_interfaces/motorsim_interfaces/msg/rosidl_generator_c__visibility_control.h
[3.895s] -- Installing: /home/tanakon/RoboticsDev2024/install/motorsim_interfaces/include/motorsim_interfaces/motorsim_interfaces/srv
[3.895s] -- Installing: /home/tanakon/RoboticsDev2024/install/motorsim_interfaces/include/motorsim_interfaces/motorsim_interfaces/srv/motor_spawn.h
[3.895s] -- Installing: /home/tanakon/RoboticsDev2024/install/motorsim_interfaces/include/motorsim_interfaces/motorsim_interfaces/srv/detail
[3.895s] -- Installing: /home/tanakon/RoboticsDev2024/install/motorsim_interfaces/include/motorsim_interfaces/motorsim_interfaces/srv/detail/motor_spawn__type_support.h
[3.895s] -- Installing: /home/tanakon/RoboticsDev2024/install/motorsim_interfaces/include/motorsim_interfaces/motorsim_interfaces/srv/detail/motor_spawn__functions.h
[3.896s] -- Installing: /home/tanakon/RoboticsDev2024/install/motorsim_interfaces/include/motorsim_interfaces/motorsim_interfaces/srv/detail/motor_spawn__functions.c
[3.896s] -- Installing: /home/tanakon/RoboticsDev2024/install/motorsim_interfaces/include/motorsim_interfaces/motorsim_interfaces/srv/detail/motor_spawn__struct.h
[3.896s] -- Installing: /home/tanakon/RoboticsDev2024/install/motorsim_interfaces/share/motorsim_interfaces/environment/library_path.sh
[3.896s] -- Installing: /home/tanakon/RoboticsDev2024/install/motorsim_interfaces/share/motorsim_interfaces/environment/library_path.dsv
[3.896s] -- Installing: /home/tanakon/RoboticsDev2024/install/motorsim_interfaces/lib/libmotorsim_interfaces__rosidl_generator_c.so
[3.896s] -- Set non-toolchain portion of runtime path of "/home/tanakon/RoboticsDev2024/install/motorsim_interfaces/lib/libmotorsim_interfaces__rosidl_generator_c.so" to ""
[3.897s] -- Up-to-date: /home/tanakon/RoboticsDev2024/install/motorsim_interfaces/include/motorsim_interfaces/motorsim_interfaces
[3.897s] -- Up-to-date: /home/tanakon/RoboticsDev2024/install/motorsim_interfaces/include/motorsim_interfaces/motorsim_interfaces/msg
[3.897s] -- Installing: /home/tanakon/RoboticsDev2024/install/motorsim_interfaces/include/motorsim_interfaces/motorsim_interfaces/msg/rosidl_typesupport_fastrtps_c__visibility_control.h
[3.897s] -- Up-to-date: /home/tanakon/RoboticsDev2024/install/motorsim_interfaces/include/motorsim_interfaces/motorsim_interfaces/srv
[3.897s] -- Up-to-date: /home/tanakon/RoboticsDev2024/install/motorsim_interfaces/include/motorsim_interfaces/motorsim_interfaces/srv/detail
[3.897s] -- Installing: /home/tanakon/RoboticsDev2024/install/motorsim_interfaces/include/motorsim_interfaces/motorsim_interfaces/srv/detail/motor_spawn__rosidl_typesupport_fastrtps_c.h
[3.897s] -- Installing: /home/tanakon/RoboticsDev2024/install/motorsim_interfaces/lib/libmotorsim_interfaces__rosidl_typesupport_fastrtps_c.so
[3.897s] -- Set non-toolchain portion of runtime path of "/home/tanakon/RoboticsDev2024/install/motorsim_interfaces/lib/libmotorsim_interfaces__rosidl_typesupport_fastrtps_c.so" to ""
[3.897s] -- Up-to-date: /home/tanakon/RoboticsDev2024/install/motorsim_interfaces/include/motorsim_interfaces/motorsim_interfaces
[3.897s] -- Up-to-date: /home/tanakon/RoboticsDev2024/install/motorsim_interfaces/include/motorsim_interfaces/motorsim_interfaces/msg
[3.897s] -- Installing: /home/tanakon/RoboticsDev2024/install/motorsim_interfaces/include/motorsim_interfaces/motorsim_interfaces/msg/rosidl_typesupport_introspection_c__visibility_control.h
[3.897s] -- Up-to-date: /home/tanakon/RoboticsDev2024/install/motorsim_interfaces/include/motorsim_interfaces/motorsim_interfaces/srv
[3.897s] -- Up-to-date: /home/tanakon/RoboticsDev2024/install/motorsim_interfaces/include/motorsim_interfaces/motorsim_interfaces/srv/detail
[3.898s] -- Installing: /home/tanakon/RoboticsDev2024/install/motorsim_interfaces/include/motorsim_interfaces/motorsim_interfaces/srv/detail/motor_spawn__type_support.c
[3.898s] -- Installing: /home/tanakon/RoboticsDev2024/install/motorsim_interfaces/include/motorsim_interfaces/motorsim_interfaces/srv/detail/motor_spawn__rosidl_typesupport_introspection_c.h
[3.898s] -- Installing: /home/tanakon/RoboticsDev2024/install/motorsim_interfaces/lib/libmotorsim_interfaces__rosidl_typesupport_introspection_c.so
[3.898s] -- Set non-toolchain portion of runtime path of "/home/tanakon/RoboticsDev2024/install/motorsim_interfaces/lib/libmotorsim_interfaces__rosidl_typesupport_introspection_c.so" to ""
[3.898s] -- Installing: /home/tanakon/RoboticsDev2024/install/motorsim_interfaces/lib/libmotorsim_interfaces__rosidl_typesupport_c.so
[3.898s] -- Set non-toolchain portion of runtime path of "/home/tanakon/RoboticsDev2024/install/motorsim_interfaces/lib/libmotorsim_interfaces__rosidl_typesupport_c.so" to ""
[3.898s] -- Up-to-date: /home/tanakon/RoboticsDev2024/install/motorsim_interfaces/include/motorsim_interfaces/motorsim_interfaces
[3.899s] -- Up-to-date: /home/tanakon/RoboticsDev2024/install/motorsim_interfaces/include/motorsim_interfaces/motorsim_interfaces/srv
[3.899s] -- Installing: /home/tanakon/RoboticsDev2024/install/motorsim_interfaces/include/motorsim_interfaces/motorsim_interfaces/srv/motor_spawn.hpp
[3.899s] -- Up-to-date: /home/tanakon/RoboticsDev2024/install/motorsim_interfaces/include/motorsim_interfaces/motorsim_interfaces/srv/detail
[3.899s] -- Installing: /home/tanakon/RoboticsDev2024/install/motorsim_interfaces/include/motorsim_interfaces/motorsim_interfaces/srv/detail/motor_spawn__builder.hpp
[3.899s] -- Installing: /home/tanakon/RoboticsDev2024/install/motorsim_interfaces/include/motorsim_interfaces/motorsim_interfaces/srv/detail/motor_spawn__struct.hpp
[3.899s] -- Installing: /home/tanakon/RoboticsDev2024/install/motorsim_interfaces/include/motorsim_interfaces/motorsim_interfaces/srv/detail/motor_spawn__traits.hpp
[3.899s] -- Up-to-date: /home/tanakon/RoboticsDev2024/install/motorsim_interfaces/include/motorsim_interfaces/motorsim_interfaces
[3.899s] -- Up-to-date: /home/tanakon/RoboticsDev2024/install/motorsim_interfaces/include/motorsim_interfaces/motorsim_interfaces/msg
[3.899s] -- Installing: /home/tanakon/RoboticsDev2024/install/motorsim_interfaces/include/motorsim_interfaces/motorsim_interfaces/msg/rosidl_typesupport_fastrtps_cpp__visibility_control.h
[3.899s] -- Up-to-date: /home/tanakon/RoboticsDev2024/install/motorsim_interfaces/include/motorsim_interfaces/motorsim_interfaces/srv
[3.899s] -- Up-to-date: /home/tanakon/RoboticsDev2024/install/motorsim_interfaces/include/motorsim_interfaces/motorsim_interfaces/srv/detail
[3.899s] -- Installing: /home/tanakon/RoboticsDev2024/install/motorsim_interfaces/include/motorsim_interfaces/motorsim_interfaces/srv/detail/motor_spawn__rosidl_typesupport_fastrtps_cpp.hpp
[3.899s] -- Installing: /home/tanakon/RoboticsDev2024/install/motorsim_interfaces/include/motorsim_interfaces/motorsim_interfaces/srv/detail/dds_fastrtps
[3.899s] -- Installing: /home/tanakon/RoboticsDev2024/install/motorsim_interfaces/lib/libmotorsim_interfaces__rosidl_typesupport_fastrtps_cpp.so
[3.900s] -- Set non-toolchain portion of runtime path of "/home/tanakon/RoboticsDev2024/install/motorsim_interfaces/lib/libmotorsim_interfaces__rosidl_typesupport_fastrtps_cpp.so" to ""
[3.900s] -- Up-to-date: /home/tanakon/RoboticsDev2024/install/motorsim_interfaces/include/motorsim_interfaces/motorsim_interfaces
[3.900s] -- Up-to-date: /home/tanakon/RoboticsDev2024/install/motorsim_interfaces/include/motorsim_interfaces/motorsim_interfaces/srv
[3.900s] -- Up-to-date: /home/tanakon/RoboticsDev2024/install/motorsim_interfaces/include/motorsim_interfaces/motorsim_interfaces/srv/detail
[3.900s] -- Installing: /home/tanakon/RoboticsDev2024/install/motorsim_interfaces/include/motorsim_interfaces/motorsim_interfaces/srv/detail/motor_spawn__type_support.cpp
[3.900s] -- Installing: /home/tanakon/RoboticsDev2024/install/motorsim_interfaces/include/motorsim_interfaces/motorsim_interfaces/srv/detail/motor_spawn__rosidl_typesupport_introspection_cpp.hpp
[3.900s] -- Installing: /home/tanakon/RoboticsDev2024/install/motorsim_interfaces/lib/libmotorsim_interfaces__rosidl_typesupport_introspection_cpp.so
[3.900s] -- Set non-toolchain portion of runtime path of "/home/tanakon/RoboticsDev2024/install/motorsim_interfaces/lib/libmotorsim_interfaces__rosidl_typesupport_introspection_cpp.so" to ""
[3.901s] -- Installing: /home/tanakon/RoboticsDev2024/install/motorsim_interfaces/lib/libmotorsim_interfaces__rosidl_typesupport_cpp.so
[3.901s] -- Set non-toolchain portion of runtime path of "/home/tanakon/RoboticsDev2024/install/motorsim_interfaces/lib/libmotorsim_interfaces__rosidl_typesupport_cpp.so" to ""
[3.901s] -- Installing: /home/tanakon/RoboticsDev2024/install/motorsim_interfaces/share/motorsim_interfaces/environment/pythonpath.sh
[3.901s] -- Installing: /home/tanakon/RoboticsDev2024/install/motorsim_interfaces/share/motorsim_interfaces/environment/pythonpath.dsv
[3.901s] -- Installing: /home/tanakon/RoboticsDev2024/install/motorsim_interfaces/local/lib/python3.10/dist-packages/motorsim_interfaces-0.0.0-py3.10.egg-info
[3.901s] -- Installing: /home/tanakon/RoboticsDev2024/install/motorsim_interfaces/local/lib/python3.10/dist-packages/motorsim_interfaces-0.0.0-py3.10.egg-info/dependency_links.txt
[3.901s] -- Installing: /home/tanakon/RoboticsDev2024/install/motorsim_interfaces/local/lib/python3.10/dist-packages/motorsim_interfaces-0.0.0-py3.10.egg-info/top_level.txt
[3.901s] -- Installing: /home/tanakon/RoboticsDev2024/install/motorsim_interfaces/local/lib/python3.10/dist-packages/motorsim_interfaces-0.0.0-py3.10.egg-info/SOURCES.txt
[3.902s] -- Installing: /home/tanakon/RoboticsDev2024/install/motorsim_interfaces/local/lib/python3.10/dist-packages/motorsim_interfaces-0.0.0-py3.10.egg-info/PKG-INFO
[3.902s] -- Installing: /home/tanakon/RoboticsDev2024/install/motorsim_interfaces/local/lib/python3.10/dist-packages/motorsim_interfaces
[3.902s] -- Installing: /home/tanakon/RoboticsDev2024/install/motorsim_interfaces/local/lib/python3.10/dist-packages/motorsim_interfaces/libmotorsim_interfaces__rosidl_generator_py.so
[3.902s] -- Installing: /home/tanakon/RoboticsDev2024/install/motorsim_interfaces/local/lib/python3.10/dist-packages/motorsim_interfaces/_motorsim_interfaces_s.ep.rosidl_typesupport_c.c
[3.902s] -- Installing: /home/tanakon/RoboticsDev2024/install/motorsim_interfaces/local/lib/python3.10/dist-packages/motorsim_interfaces/motorsim_interfaces_s__rosidl_typesupport_c.cpython-310-x86_64-linux-gnu.so
[3.902s] -- Installing: /home/tanakon/RoboticsDev2024/install/motorsim_interfaces/local/lib/python3.10/dist-packages/motorsim_interfaces/_motorsim_interfaces_s.ep.rosidl_typesupport_fastrtps_c.c
[3.902s] -- Installing: /home/tanakon/RoboticsDev2024/install/motorsim_interfaces/local/lib/python3.10/dist-packages/motorsim_interfaces/_motorsim_interfaces_s.ep.rosidl_typesupport_introspection_c.c
[3.902s] -- Installing: /home/tanakon/RoboticsDev2024/install/motorsim_interfaces/local/lib/python3.10/dist-packages/motorsim_interfaces/motorsim_interfaces_s__rosidl_typesupport_fastrtps_c.cpython-310-x86_64-linux-gnu.so
[3.902s] -- Installing: /home/tanakon/RoboticsDev2024/install/motorsim_interfaces/local/lib/python3.10/dist-packages/motorsim_interfaces/__init__.py
[3.903s] -- Installing: /home/tanakon/RoboticsDev2024/install/motorsim_interfaces/local/lib/python3.10/dist-packages/motorsim_interfaces/srv
[3.903s] -- Installing: /home/tanakon/RoboticsDev2024/install/motorsim_interfaces/local/lib/python3.10/dist-packages/motorsim_interfaces/srv/_motor_spawn.py
[3.903s] -- Installing: /home/tanakon/RoboticsDev2024/install/motorsim_interfaces/local/lib/python3.10/dist-packages/motorsim_interfaces/srv/_motor_spawn_s.c
[3.903s] -- Installing: /home/tanakon/RoboticsDev2024/install/motorsim_interfaces/local/lib/python3.10/dist-packages/motorsim_interfaces/srv/__init__.py
[3.903s] -- Installing: /home/tanakon/RoboticsDev2024/install/motorsim_interfaces/local/lib/python3.10/dist-packages/motorsim_interfaces/motorsim_interfaces_s__rosidl_typesupport_introspection_c.cpython-310-x86_64-linux-gnu.so
[3.940s] Listing '/home/tanakon/RoboticsDev2024/install/motorsim_interfaces/local/lib/python3.10/dist-packages/motorsim_interfaces'...
[3.941s] Compiling '/home/tanakon/RoboticsDev2024/install/motorsim_interfaces/local/lib/python3.10/dist-packages/motorsim_interfaces/__init__.py'...
[3.941s] Listing '/home/tanakon/RoboticsDev2024/install/motorsim_interfaces/local/lib/python3.10/dist-packages/motorsim_interfaces/srv'...
[3.941s] Compiling '/home/tanakon/RoboticsDev2024/install/motorsim_interfaces/local/lib/python3.10/dist-packages/motorsim_interfaces/srv/__init__.py'...
[3.941s] Compiling '/home/tanakon/RoboticsDev2024/install/motorsim_interfaces/local/lib/python3.10/dist-packages/motorsim_interfaces/srv/_motor_spawn.py'...
[3.944s] -- Installing: /home/tanakon/RoboticsDev2024/install/motorsim_interfaces/local/lib/python3.10/dist-packages/motorsim_interfaces/motorsim_interfaces_s__rosidl_typesupport_fastrtps_c.cpython-310-x86_64-linux-gnu.so
[3.944s] -- Set non-toolchain portion of runtime path of "/home/tanakon/RoboticsDev2024/install/motorsim_interfaces/local/lib/python3.10/dist-packages/motorsim_interfaces/motorsim_interfaces_s__rosidl_typesupport_fastrtps_c.cpython-310-x86_64-linux-gnu.so" to ""
[3.944s] -- Installing: /home/tanakon/RoboticsDev2024/install/motorsim_interfaces/local/lib/python3.10/dist-packages/motorsim_interfaces/motorsim_interfaces_s__rosidl_typesupport_introspection_c.cpython-310-x86_64-linux-gnu.so
[3.945s] -- Set non-toolchain portion of runtime path of "/home/tanakon/RoboticsDev2024/install/motorsim_interfaces/local/lib/python3.10/dist-packages/motorsim_interfaces/motorsim_interfaces_s__rosidl_typesupport_introspection_c.cpython-310-x86_64-linux-gnu.so" to ""
[3.945s] -- Installing: /home/tanakon/RoboticsDev2024/install/motorsim_interfaces/local/lib/python3.10/dist-packages/motorsim_interfaces/motorsim_interfaces_s__rosidl_typesupport_c.cpython-310-x86_64-linux-gnu.so
[3.945s] -- Set non-toolchain portion of runtime path of "/home/tanakon/RoboticsDev2024/install/motorsim_interfaces/local/lib/python3.10/dist-packages/motorsim_interfaces/motorsim_interfaces_s__rosidl_typesupport_c.cpython-310-x86_64-linux-gnu.so" to ""
[3.945s] -- Installing: /home/tanakon/RoboticsDev2024/install/motorsim_interfaces/lib/libmotorsim_interfaces__rosidl_generator_py.so
[3.946s] -- Set non-toolchain portion of runtime path of "/home/tanakon/RoboticsDev2024/install/motorsim_interfaces/lib/libmotorsim_interfaces__rosidl_generator_py.so" to ""
[3.946s] -- Installing: /home/tanakon/RoboticsDev2024/install/motorsim_interfaces/share/motorsim_interfaces/srv/MotorSpawn.idl
[3.946s] -- Installing: /home/tanakon/RoboticsDev2024/install/motorsim_interfaces/share/motorsim_interfaces/srv/MotorSpawn.srv
[3.946s] -- Installing: /home/tanakon/RoboticsDev2024/install/motorsim_interfaces/share/motorsim_interfaces/srv/MotorSpawn_Request.msg
[3.946s] -- Installing: /home/tanakon/RoboticsDev2024/install/motorsim_interfaces/share/motorsim_interfaces/srv/MotorSpawn_Response.msg
[3.946s] -- Installing: /home/tanakon/RoboticsDev2024/install/motorsim_interfaces/share/ament_index/resource_index/package_run_dependencies/motorsim_interfaces
[3.946s] -- Installing: /home/tanakon/RoboticsDev2024/install/motorsim_interfaces/share/ament_index/resource_index/parent_prefix_path/motorsim_interfaces
[3.946s] -- Installing: /home/tanakon/RoboticsDev2024/install/motorsim_interfaces/share/motorsim_interfaces/environment/ament_prefix_path.sh
[3.947s] -- Installing: /home/tanakon/RoboticsDev2024/install/motorsim_interfaces/share/motorsim_interfaces/environment/ament_prefix_path.dsv
[3.947s] -- Installing: /home/tanakon/RoboticsDev2024/install/motorsim_interfaces/share/motorsim_interfaces/environment/path.sh
[3.947s] -- Installing: /home/tanakon/RoboticsDev2024/install/motorsim_interfaces/share/motorsim_interfaces/environment/path.dsv
[3.947s] -- Installing: /home/tanakon/RoboticsDev2024/install/motorsim_interfaces/share/motorsim_interfaces/local_setup.bash
[3.947s] -- Installing: /home/tanakon/RoboticsDev2024/install/motorsim_interfaces/share/motorsim_interfaces/local_setup.sh
[3.947s] -- Installing: /home/tanakon/RoboticsDev2024/install/motorsim_interfaces/share/motorsim_interfaces/local_setup.zsh
[3.947s] -- Installing: /home/tanakon/RoboticsDev2024/install/motorsim_interfaces/share/motorsim_interfaces/local_setup.dsv
[3.947s] -- Installing: /home/tanakon/RoboticsDev2024/install/motorsim_interfaces/share/motorsim_interfaces/package.dsv
[3.948s] -- Installing: /home/tanakon/RoboticsDev2024/install/motorsim_interfaces/share/ament_index/resource_index/packages/motorsim_interfaces
[3.948s] -- Installing: /home/tanakon/RoboticsDev2024/install/motorsim_interfaces/share/motorsim_interfaces/cmake/export_motorsim_interfaces__rosidl_generator_cExport.cmake
[3.948s] -- Installing: /home/tanakon/RoboticsDev2024/install/motorsim_interfaces/share/motorsim_interfaces/cmake/export_motorsim_interfaces__rosidl_generator_cExport-noconfig.cmake
[3.948s] -- Installing: /home/tanakon/RoboticsDev2024/install/motorsim_interfaces/share/motorsim_interfaces/cmake/export_motorsim_interfaces__rosidl_typesupport_fastrtps_cExport.cmake
[3.948s] -- Installing: /home/tanakon/RoboticsDev2024/install/motorsim_interfaces/share/motorsim_interfaces/cmake/export_motorsim_interfaces__rosidl_typesupport_fastrtps_cExport-noconfig.cmake
[3.948s] -- Installing: /home/tanakon/RoboticsDev2024/install/motorsim_interfaces/share/motorsim_interfaces/cmake/motorsim_interfaces__rosidl_typesupport_introspection_cExport.cmake
[3.948s] -- Installing: /home/tanakon/RoboticsDev2024/install/motorsim_interfaces/share/motorsim_interfaces/cmake/motorsim_interfaces__rosidl_typesupport_introspection_cExport-noconfig.cmake
[3.949s] -- Installing: /home/tanakon/RoboticsDev2024/install/motorsim_interfaces/share/motorsim_interfaces/cmake/motorsim_interfaces__rosidl_typesupport_cExport.cmake
[3.949s] -- Installing: /home/tanakon/RoboticsDev2024/install/motorsim_interfaces/share/motorsim_interfaces/cmake/motorsim_interfaces__rosidl_typesupport_cExport-noconfig.cmake
[3.949s] -- Installing: /home/tanakon/RoboticsDev2024/install/motorsim_interfaces/share/motorsim_interfaces/cmake/export_motorsim_interfaces__rosidl_generator_cppExport.cmake
[3.949s] -- Installing: /home/tanakon/RoboticsDev2024/install/motorsim_interfaces/share/motorsim_interfaces/cmake/export_motorsim_interfaces__rosidl_typesupport_fastrtps_cppExport.cmake
[3.949s] -- Installing: /home/tanakon/RoboticsDev2024/install/motorsim_interfaces/share/motorsim_interfaces/cmake/export_motorsim_interfaces__rosidl_typesupport_fastrtps_cppExport-noconfig.cmake
[3.949s] -- Installing: /home/tanakon/RoboticsDev2024/install/motorsim_interfaces/share/motorsim_interfaces/cmake/motorsim_interfaces__rosidl_typesupport_introspection_cppExport.cmake
[3.949s] -- Installing: /home/tanakon/RoboticsDev2024/install/motorsim_interfaces/share/motorsim_interfaces/cmake/motorsim_interfaces__rosidl_typesupport_introspection_cppExport-noconfig.cmake
[3.950s] -- Installing: /home/tanakon/RoboticsDev2024/install/motorsim_interfaces/share/motorsim_interfaces/cmake/motorsim_interfaces__rosidl_typesupport_cppExport.cmake
[3.950s] -- Installing: /home/tanakon/RoboticsDev2024/install/motorsim_interfaces/share/motorsim_interfaces/cmake/motorsim_interfaces__rosidl_typesupport_cppExport-noconfig.cmake
[3.950s] -- Installing: /home/tanakon/RoboticsDev2024/install/motorsim_interfaces/share/motorsim_interfaces/cmake/export_motorsim_interfaces__rosidl_generator_pyExport.cmake
[3.950s] -- Installing: /home/tanakon/RoboticsDev2024/install/motorsim_interfaces/share/motorsim_interfaces/cmake/export_motorsim_interfaces__rosidl_generator_pyExport-noconfig.cmake
[3.950s] -- Installing: /home/tanakon/RoboticsDev2024/install/motorsim_interfaces/share/motorsim_interfaces/cmake/rosidl_cmake-extras.cmake
[3.950s] -- Installing: /home/tanakon/RoboticsDev2024/install/motorsim_interfaces/share/motorsim_interfaces/cmake/ament_cmake_export_include_directories-extras.cmake
[3.950s] -- Installing: /home/tanakon/RoboticsDev2024/install/motorsim_interfaces/share/motorsim_interfaces/cmake/ament_cmake_export_libraries-extras.cmake
[3.950s] -- Installing: /home/tanakon/RoboticsDev2024/install/motorsim_interfaces/share/motorsim_interfaces/cmake/ament_cmake_export_targets-extras.cmake
[3.951s] -- Installing: /home/tanakon/RoboticsDev2024/install/motorsim_interfaces/share/motorsim_interfaces/cmake/rosidl_cmake_export_typesupport_targets-extras.cmake
[3.951s] -- Installing: /home/tanakon/RoboticsDev2024/install/motorsim_interfaces/share/motorsim_interfaces/cmake/ament_cmake_export_dependencies-extras.cmake
[3.951s] -- Installing: /home/tanakon/RoboticsDev2024/install/motorsim_interfaces/share/motorsim_interfaces/cmake/rosidl_cmake_export_typesupport_libraries-extras.cmake
[3.951s] -- Installing: /home/tanakon/RoboticsDev2024/install/motorsim_interfaces/share/motorsim_interfaces/cmake/motorsim_interfacesConfig.cmake
[3.951s] -- Installing: /home/tanakon/RoboticsDev2024/install/motorsim_interfaces/share/motorsim_interfaces/cmake/motorsim_interfacesConfig-version.cmake
[3.951s] -- Installing: /home/tanakon/RoboticsDev2024/install/motorsim_interfaces/share/motorsim_interfaces/package.xml
[3.953s] Invoked command in '/home/tanakon/RoboticsDev2024/build/motorsim_interfaces' returned '0': CMAKE_PREFIX_PATH=${CMAKE_PREFIX_PATH}:/home/tanakon/carver_outdoor_ws/install/ackermann_odometry:/home/tanakon/carver_outdoor_ws/install/ackermann_controller:/opt/ros/humble /usr/local/bin/cmake --install /home/tanakon/RoboticsDev2024/build/motorsim_interfaces
