-- The C compiler identification is GNU 11.4.0
-- The CXX compiler identification is GNU 11.4.0
-- Detecting C compiler ABI info
-- Detecting C compiler ABI info - done
-- Check for working C compiler: /usr/bin/cc - skipped
-- Detecting C compile features
-- Detecting C compile features - done
-- Detecting CXX compiler ABI info
-- Detecting CXX compiler ABI info - done
-- Check for working CXX compiler: /usr/bin/c++ - skipped
-- Detecting CXX compile features
-- Detecting CXX compile features - done
-- Found ament_cmake: 1.3.9 (/opt/ros/humble/share/ament_cmake/cmake)
-- Found Python3: /usr/bin/python3 (found version "3.10.12") found components: Interpreter 
-- Found rclcpp: 16.0.9 (/opt/ros/humble/share/rclcpp/cmake)
-- Found rosidl_generator_c: 3.1.5 (/opt/ros/humble/share/rosidl_generator_c/cmake)
-- Found rosidl_adapter: 3.1.5 (/opt/ros/humble/share/rosidl_adapter/cmake)
-- Found rosidl_generator_cpp: 3.1.5 (/opt/ros/humble/share/rosidl_generator_cpp/cmake)
-- Using all available rosidl_typesupport_c: rosidl_typesupport_fastrtps_c;rosidl_typesupport_introspection_c
-- Using all available rosidl_typesupport_cpp: rosidl_typesupport_fastrtps_cpp;rosidl_typesupport_introspection_cpp
-- Found rmw_implementation_cmake: 6.1.2 (/opt/ros/humble/share/rmw_implementation_cmake/cmake)
-- Found rmw_fastrtps_cpp: 6.2.6 (/opt/ros/humble/share/rmw_fastrtps_cpp/cmake)
-- Found OpenSSL: /usr/lib/x86_64-linux-gnu/libcrypto.so (found version "3.0.2")  
-- Found FastRTPS: /opt/ros/humble/include  
-- Using RMW implementation 'rmw_fastrtps_cpp' as default
-- Performing Test CMAKE_HAVE_LIBC_PTHREAD
-- Performing Test CMAKE_HAVE_LIBC_PTHREAD - Success
-- Found Threads: TRUE  
-- Found rclpy: 3.3.13 (/opt/ros/humble/share/rclpy/cmake)
-- Configuring done (1.6s)
-- Generating done (0.0s)
-- Build files have been written to: /home/tanakon/RoboticsDev2024/build/motorsim
[ 50%] [32mBuilding CXX object CMakeFiles/cpp_node_test.dir/src/cpp_node.cpp.o[0m
[ 50%] Built target ament_cmake_python_copy_motorsim
[100%] [32m[1mLinking CXX executable cpp_node_test[0m
running egg_info
creating motorsim.egg-info
writing motorsim.egg-info/PKG-INFO
writing dependency_links to motorsim.egg-info/dependency_links.txt
writing top-level names to motorsim.egg-info/top_level.txt
writing manifest file 'motorsim.egg-info/SOURCES.txt'
reading manifest file 'motorsim.egg-info/SOURCES.txt'
writing manifest file 'motorsim.egg-info/SOURCES.txt'
[100%] Built target ament_cmake_python_build_motorsim_egg
[100%] Built target cpp_node_test
-- Install configuration: ""
-- Installing: /home/tanakon/RoboticsDev2024/install/motorsim/share/motorsim/environment/pythonpath.sh
-- Installing: /home/tanakon/RoboticsDev2024/install/motorsim/share/motorsim/environment/pythonpath.dsv
-- Installing: /home/tanakon/RoboticsDev2024/install/motorsim/local/lib/python3.10/dist-packages/motorsim-0.0.0-py3.10.egg-info
-- Installing: /home/tanakon/RoboticsDev2024/install/motorsim/local/lib/python3.10/dist-packages/motorsim-0.0.0-py3.10.egg-info/dependency_links.txt
-- Installing: /home/tanakon/RoboticsDev2024/install/motorsim/local/lib/python3.10/dist-packages/motorsim-0.0.0-py3.10.egg-info/top_level.txt
-- Installing: /home/tanakon/RoboticsDev2024/install/motorsim/local/lib/python3.10/dist-packages/motorsim-0.0.0-py3.10.egg-info/SOURCES.txt
-- Installing: /home/tanakon/RoboticsDev2024/install/motorsim/local/lib/python3.10/dist-packages/motorsim-0.0.0-py3.10.egg-info/PKG-INFO
-- Installing: /home/tanakon/RoboticsDev2024/install/motorsim/local/lib/python3.10/dist-packages/motorsim
-- Installing: /home/tanakon/RoboticsDev2024/install/motorsim/local/lib/python3.10/dist-packages/motorsim/dummy_module.py
-- Installing: /home/tanakon/RoboticsDev2024/install/motorsim/local/lib/python3.10/dist-packages/motorsim/pid_controller.py
-- Installing: /home/tanakon/RoboticsDev2024/install/motorsim/local/lib/python3.10/dist-packages/motorsim/dc_motor_model.py
-- Installing: /home/tanakon/RoboticsDev2024/install/motorsim/local/lib/python3.10/dist-packages/motorsim/__init__.py
Listing '/home/tanakon/RoboticsDev2024/install/motorsim/local/lib/python3.10/dist-packages/motorsim'...
Compiling '/home/tanakon/RoboticsDev2024/install/motorsim/local/lib/python3.10/dist-packages/motorsim/__init__.py'...
Compiling '/home/tanakon/RoboticsDev2024/install/motorsim/local/lib/python3.10/dist-packages/motorsim/dc_motor_model.py'...
Compiling '/home/tanakon/RoboticsDev2024/install/motorsim/local/lib/python3.10/dist-packages/motorsim/dummy_module.py'...
Compiling '/home/tanakon/RoboticsDev2024/install/motorsim/local/lib/python3.10/dist-packages/motorsim/pid_controller.py'...
-- Installing: /home/tanakon/RoboticsDev2024/install/motorsim/lib/motorsim/dummy_script.py
-- Installing: /home/tanakon/RoboticsDev2024/install/motorsim/lib/motorsim/dc_motor_node.py
-- Installing: /home/tanakon/RoboticsDev2024/install/motorsim/lib/motorsim/motorsim_node.py
-- Installing: /home/tanakon/RoboticsDev2024/install/motorsim/lib/motorsim/controller_node.py
-- Installing: /home/tanakon/RoboticsDev2024/install/motorsim/lib/motorsim/cpp_node_test
-- Set non-toolchain portion of runtime path of "/home/tanakon/RoboticsDev2024/install/motorsim/lib/motorsim/cpp_node_test" to ""
-- Installing: /home/tanakon/RoboticsDev2024/install/motorsim/share/motorsim/scripts
-- Installing: /home/tanakon/RoboticsDev2024/install/motorsim/share/motorsim/scripts/controller_node.py
-- Installing: /home/tanakon/RoboticsDev2024/install/motorsim/share/motorsim/scripts/motorsim_node.py
-- Installing: /home/tanakon/RoboticsDev2024/install/motorsim/share/motorsim/scripts/dc_motor_node.py
-- Installing: /home/tanakon/RoboticsDev2024/install/motorsim/share/motorsim/scripts/dummy_script.py
-- Installing: /home/tanakon/RoboticsDev2024/install/motorsim/share/motorsim/motorsim
-- Installing: /home/tanakon/RoboticsDev2024/install/motorsim/share/motorsim/motorsim/dummy_module.py
-- Installing: /home/tanakon/RoboticsDev2024/install/motorsim/share/motorsim/motorsim/pid_controller.py
-- Installing: /home/tanakon/RoboticsDev2024/install/motorsim/share/motorsim/motorsim/dc_motor_model.py
-- Installing: /home/tanakon/RoboticsDev2024/install/motorsim/share/motorsim/motorsim/__init__.py
-- Installing: /home/tanakon/RoboticsDev2024/install/motorsim/share/ament_index/resource_index/package_run_dependencies/motorsim
-- Installing: /home/tanakon/RoboticsDev2024/install/motorsim/share/ament_index/resource_index/parent_prefix_path/motorsim
-- Installing: /home/tanakon/RoboticsDev2024/install/motorsim/share/motorsim/environment/ament_prefix_path.sh
-- Installing: /home/tanakon/RoboticsDev2024/install/motorsim/share/motorsim/environment/ament_prefix_path.dsv
-- Installing: /home/tanakon/RoboticsDev2024/install/motorsim/share/motorsim/environment/path.sh
-- Installing: /home/tanakon/RoboticsDev2024/install/motorsim/share/motorsim/environment/path.dsv
-- Installing: /home/tanakon/RoboticsDev2024/install/motorsim/share/motorsim/local_setup.bash
-- Installing: /home/tanakon/RoboticsDev2024/install/motorsim/share/motorsim/local_setup.sh
-- Installing: /home/tanakon/RoboticsDev2024/install/motorsim/share/motorsim/local_setup.zsh
-- Installing: /home/tanakon/RoboticsDev2024/install/motorsim/share/motorsim/local_setup.dsv
-- Installing: /home/tanakon/RoboticsDev2024/install/motorsim/share/motorsim/package.dsv
-- Installing: /home/tanakon/RoboticsDev2024/install/motorsim/share/ament_index/resource_index/packages/motorsim
-- Installing: /home/tanakon/RoboticsDev2024/install/motorsim/share/motorsim/cmake/motorsimConfig.cmake
-- Installing: /home/tanakon/RoboticsDev2024/install/motorsim/share/motorsim/cmake/motorsimConfig-version.cmake
-- Installing: /home/tanakon/RoboticsDev2024/install/motorsim/share/motorsim/package.xml
