[0.021s] Invoking command in '/home/tanakon/RoboticsDev2024/build/motorsim': CMAKE_PREFIX_PATH=${CMAKE_PREFIX_PATH}:/home/tanakon/carver_outdoor_ws/install/ackermann_odometry:/home/tanakon/carver_outdoor_ws/install/ackermann_controller:/opt/ros/humble /usr/local/bin/cmake /home/tanakon/RoboticsDev2024/src/motorsim -DCMAKE_INSTALL_PREFIX=/home/tanakon/RoboticsDev2024/install/motorsim
[0.106s] -- The C compiler identification is GNU 11.4.0
[0.173s] -- The CXX compiler identification is GNU 11.4.0
[0.191s] -- Detecting C compiler ABI info
[0.255s] -- Detecting C compiler ABI info - done
[0.262s] -- Check for working C compiler: /usr/bin/cc - skipped
[0.262s] -- Detecting C compile features
[0.263s] -- Detecting C compile features - done
[0.272s] -- Detecting CXX compiler ABI info
[0.342s] -- Detecting CXX compiler ABI info - done
[0.349s] -- Check for working CXX compiler: /usr/bin/c++ - skipped
[0.350s] -- Detecting CXX compile features
[0.350s] -- Detecting CXX compile features - done
[0.361s] -- Found ament_cmake: 1.3.9 (/opt/ros/humble/share/ament_cmake/cmake)
[0.511s] -- Found Python3: /usr/bin/python3 (found version "3.10.12") found components: Interpreter 
[0.684s] -- Found rclcpp: 16.0.9 (/opt/ros/humble/share/rclcpp/cmake)
[0.784s] -- Found rosidl_generator_c: 3.1.5 (/opt/ros/humble/share/rosidl_generator_c/cmake)
[0.798s] -- Found rosidl_adapter: 3.1.5 (/opt/ros/humble/share/rosidl_adapter/cmake)
[0.816s] -- Found rosidl_generator_cpp: 3.1.5 (/opt/ros/humble/share/rosidl_generator_cpp/cmake)
[0.843s] -- Using all available rosidl_typesupport_c: rosidl_typesupport_fastrtps_c;rosidl_typesupport_introspection_c
[0.874s] -- Using all available rosidl_typesupport_cpp: rosidl_typesupport_fastrtps_cpp;rosidl_typesupport_introspection_cpp
[0.991s] -- Found rmw_implementation_cmake: 6.1.2 (/opt/ros/humble/share/rmw_implementation_cmake/cmake)
[1.001s] -- Found rmw_fastrtps_cpp: 6.2.6 (/opt/ros/humble/share/rmw_fastrtps_cpp/cmake)
[1.145s] -- Found OpenSSL: /usr/lib/x86_64-linux-gnu/libcrypto.so (found version "3.0.2")  
[1.180s] -- Found FastRTPS: /opt/ros/humble/include  
[1.238s] -- Using RMW implementation 'rmw_fastrtps_cpp' as default
[1.264s] -- Performing Test CMAKE_HAVE_LIBC_PTHREAD
[1.331s] -- Performing Test CMAKE_HAVE_LIBC_PTHREAD - Success
[1.332s] -- Found Threads: TRUE  
[1.492s] -- Found rclpy: 3.3.13 (/opt/ros/humble/share/rclpy/cmake)
[1.633s] -- Configuring done (1.6s)
[1.642s] -- Generating done (0.0s)
[1.643s] -- Build files have been written to: /home/tanakon/RoboticsDev2024/build/motorsim
[1.651s] Invoked command in '/home/tanakon/RoboticsDev2024/build/motorsim' returned '0': CMAKE_PREFIX_PATH=${CMAKE_PREFIX_PATH}:/home/tanakon/carver_outdoor_ws/install/ackermann_odometry:/home/tanakon/carver_outdoor_ws/install/ackermann_controller:/opt/ros/humble /usr/local/bin/cmake /home/tanakon/RoboticsDev2024/src/motorsim -DCMAKE_INSTALL_PREFIX=/home/tanakon/RoboticsDev2024/install/motorsim
[1.652s] Invoking command in '/home/tanakon/RoboticsDev2024/build/motorsim': CMAKE_PREFIX_PATH=${CMAKE_PREFIX_PATH}:/home/tanakon/carver_outdoor_ws/install/ackermann_odometry:/home/tanakon/carver_outdoor_ws/install/ackermann_controller:/opt/ros/humble /usr/local/bin/cmake --build /home/tanakon/RoboticsDev2024/build/motorsim -- -j16 -l16
[1.680s] [ 50%] [32mBuilding CXX object CMakeFiles/cpp_node_test.dir/src/cpp_node.cpp.o[0m
[1.684s] [ 50%] Built target ament_cmake_python_copy_motorsim
[1.907s] [100%] [32m[1mLinking CXX executable cpp_node_test[0m
[1.923s] running egg_info
[1.923s] creating motorsim.egg-info
[1.923s] writing motorsim.egg-info/PKG-INFO
[1.923s] writing dependency_links to motorsim.egg-info/dependency_links.txt
[1.924s] writing top-level names to motorsim.egg-info/top_level.txt
[1.924s] writing manifest file 'motorsim.egg-info/SOURCES.txt'
[1.925s] reading manifest file 'motorsim.egg-info/SOURCES.txt'
[1.926s] writing manifest file 'motorsim.egg-info/SOURCES.txt'
[1.945s] [100%] Built target ament_cmake_python_build_motorsim_egg
[1.987s] [100%] Built target cpp_node_test
[1.992s] Invoked command in '/home/tanakon/RoboticsDev2024/build/motorsim' returned '0': CMAKE_PREFIX_PATH=${CMAKE_PREFIX_PATH}:/home/tanakon/carver_outdoor_ws/install/ackermann_odometry:/home/tanakon/carver_outdoor_ws/install/ackermann_controller:/opt/ros/humble /usr/local/bin/cmake --build /home/tanakon/RoboticsDev2024/build/motorsim -- -j16 -l16
[2.028s] Invoking command in '/home/tanakon/RoboticsDev2024/build/motorsim': CMAKE_PREFIX_PATH=${CMAKE_PREFIX_PATH}:/home/tanakon/carver_outdoor_ws/install/ackermann_odometry:/home/tanakon/carver_outdoor_ws/install/ackermann_controller:/opt/ros/humble /usr/local/bin/cmake --install /home/tanakon/RoboticsDev2024/build/motorsim
[2.031s] -- Install configuration: ""
[2.031s] -- Installing: /home/tanakon/RoboticsDev2024/install/motorsim/share/motorsim/environment/pythonpath.sh
[2.031s] -- Installing: /home/tanakon/RoboticsDev2024/install/motorsim/share/motorsim/environment/pythonpath.dsv
[2.032s] -- Installing: /home/tanakon/RoboticsDev2024/install/motorsim/local/lib/python3.10/dist-packages/motorsim-0.0.0-py3.10.egg-info
[2.032s] -- Installing: /home/tanakon/RoboticsDev2024/install/motorsim/local/lib/python3.10/dist-packages/motorsim-0.0.0-py3.10.egg-info/dependency_links.txt
[2.032s] -- Installing: /home/tanakon/RoboticsDev2024/install/motorsim/local/lib/python3.10/dist-packages/motorsim-0.0.0-py3.10.egg-info/top_level.txt
[2.032s] -- Installing: /home/tanakon/RoboticsDev2024/install/motorsim/local/lib/python3.10/dist-packages/motorsim-0.0.0-py3.10.egg-info/SOURCES.txt
[2.032s] -- Installing: /home/tanakon/RoboticsDev2024/install/motorsim/local/lib/python3.10/dist-packages/motorsim-0.0.0-py3.10.egg-info/PKG-INFO
[2.032s] -- Installing: /home/tanakon/RoboticsDev2024/install/motorsim/local/lib/python3.10/dist-packages/motorsim
[2.032s] -- Installing: /home/tanakon/RoboticsDev2024/install/motorsim/local/lib/python3.10/dist-packages/motorsim/dummy_module.py
[2.032s] -- Installing: /home/tanakon/RoboticsDev2024/install/motorsim/local/lib/python3.10/dist-packages/motorsim/pid_controller.py
[2.032s] -- Installing: /home/tanakon/RoboticsDev2024/install/motorsim/local/lib/python3.10/dist-packages/motorsim/dc_motor_model.py
[2.033s] -- Installing: /home/tanakon/RoboticsDev2024/install/motorsim/local/lib/python3.10/dist-packages/motorsim/__init__.py
[2.070s] Listing '/home/tanakon/RoboticsDev2024/install/motorsim/local/lib/python3.10/dist-packages/motorsim'...
[2.070s] Compiling '/home/tanakon/RoboticsDev2024/install/motorsim/local/lib/python3.10/dist-packages/motorsim/__init__.py'...
[2.070s] Compiling '/home/tanakon/RoboticsDev2024/install/motorsim/local/lib/python3.10/dist-packages/motorsim/dc_motor_model.py'...
[2.070s] Compiling '/home/tanakon/RoboticsDev2024/install/motorsim/local/lib/python3.10/dist-packages/motorsim/dummy_module.py'...
[2.070s] Compiling '/home/tanakon/RoboticsDev2024/install/motorsim/local/lib/python3.10/dist-packages/motorsim/pid_controller.py'...
[2.073s] -- Installing: /home/tanakon/RoboticsDev2024/install/motorsim/lib/motorsim/dummy_script.py
[2.073s] -- Installing: /home/tanakon/RoboticsDev2024/install/motorsim/lib/motorsim/dc_motor_node.py
[2.074s] -- Installing: /home/tanakon/RoboticsDev2024/install/motorsim/lib/motorsim/motorsim_node.py
[2.074s] -- Installing: /home/tanakon/RoboticsDev2024/install/motorsim/lib/motorsim/controller_node.py
[2.074s] -- Installing: /home/tanakon/RoboticsDev2024/install/motorsim/lib/motorsim/cpp_node_test
[2.074s] -- Set non-toolchain portion of runtime path of "/home/tanakon/RoboticsDev2024/install/motorsim/lib/motorsim/cpp_node_test" to ""
[2.074s] -- Installing: /home/tanakon/RoboticsDev2024/install/motorsim/share/motorsim/scripts
[2.074s] -- Installing: /home/tanakon/RoboticsDev2024/install/motorsim/share/motorsim/scripts/controller_node.py
[2.074s] -- Installing: /home/tanakon/RoboticsDev2024/install/motorsim/share/motorsim/scripts/motorsim_node.py
[2.074s] -- Installing: /home/tanakon/RoboticsDev2024/install/motorsim/share/motorsim/scripts/dc_motor_node.py
[2.074s] -- Installing: /home/tanakon/RoboticsDev2024/install/motorsim/share/motorsim/scripts/dummy_script.py
[2.075s] -- Installing: /home/tanakon/RoboticsDev2024/install/motorsim/share/motorsim/motorsim
[2.075s] -- Installing: /home/tanakon/RoboticsDev2024/install/motorsim/share/motorsim/motorsim/dummy_module.py
[2.075s] -- Installing: /home/tanakon/RoboticsDev2024/install/motorsim/share/motorsim/motorsim/pid_controller.py
[2.075s] -- Installing: /home/tanakon/RoboticsDev2024/install/motorsim/share/motorsim/motorsim/dc_motor_model.py
[2.075s] -- Installing: /home/tanakon/RoboticsDev2024/install/motorsim/share/motorsim/motorsim/__init__.py
[2.075s] -- Installing: /home/tanakon/RoboticsDev2024/install/motorsim/share/ament_index/resource_index/package_run_dependencies/motorsim
[2.075s] -- Installing: /home/tanakon/RoboticsDev2024/install/motorsim/share/ament_index/resource_index/parent_prefix_path/motorsim
[2.075s] -- Installing: /home/tanakon/RoboticsDev2024/install/motorsim/share/motorsim/environment/ament_prefix_path.sh
[2.076s] -- Installing: /home/tanakon/RoboticsDev2024/install/motorsim/share/motorsim/environment/ament_prefix_path.dsv
[2.076s] -- Installing: /home/tanakon/RoboticsDev2024/install/motorsim/share/motorsim/environment/path.sh
[2.076s] -- Installing: /home/tanakon/RoboticsDev2024/install/motorsim/share/motorsim/environment/path.dsv
[2.076s] -- Installing: /home/tanakon/RoboticsDev2024/install/motorsim/share/motorsim/local_setup.bash
[2.076s] -- Installing: /home/tanakon/RoboticsDev2024/install/motorsim/share/motorsim/local_setup.sh
[2.076s] -- Installing: /home/tanakon/RoboticsDev2024/install/motorsim/share/motorsim/local_setup.zsh
[2.076s] -- Installing: /home/tanakon/RoboticsDev2024/install/motorsim/share/motorsim/local_setup.dsv
[2.076s] -- Installing: /home/tanakon/RoboticsDev2024/install/motorsim/share/motorsim/package.dsv
[2.077s] -- Installing: /home/tanakon/RoboticsDev2024/install/motorsim/share/ament_index/resource_index/packages/motorsim
[2.077s] -- Installing: /home/tanakon/RoboticsDev2024/install/motorsim/share/motorsim/cmake/motorsimConfig.cmake
[2.077s] -- Installing: /home/tanakon/RoboticsDev2024/install/motorsim/share/motorsim/cmake/motorsimConfig-version.cmake
[2.077s] -- Installing: /home/tanakon/RoboticsDev2024/install/motorsim/share/motorsim/package.xml
[2.078s] Invoked command in '/home/tanakon/RoboticsDev2024/build/motorsim' returned '0': CMAKE_PREFIX_PATH=${CMAKE_PREFIX_PATH}:/home/tanakon/carver_outdoor_ws/install/ackermann_odometry:/home/tanakon/carver_outdoor_ws/install/ackermann_controller:/opt/ros/humble /usr/local/bin/cmake --install /home/tanakon/RoboticsDev2024/build/motorsim
