[0.116s] DEBUG:colcon:Command line arguments: ['/usr/bin/colcon', 'build']
[0.116s] DEBUG:colcon:Parsed command line arguments: Namespace(log_base=None, log_level=None, verb_name='build', build_base='build', install_base='install', merge_install=False, symlink_install=False, test_result_base=None, continue_on_error=False, executor='parallel', parallel_workers=16, event_handlers=None, ignore_user_meta=False, metas=['./colcon.meta'], base_paths=['.'], packages_ignore=None, packages_ignore_regex=None, paths=None, packages_up_to=None, packages_up_to_regex=None, packages_above=None, packages_above_and_dependencies=None, packages_above_depth=None, packages_select_by_dep=None, packages_skip_by_dep=None, packages_skip_up_to=None, packages_select_build_failed=False, packages_skip_build_finished=False, packages_select_test_failures=False, packages_skip_test_passed=False, packages_select=None, packages_skip=None, packages_select_regex=None, packages_skip_regex=None, packages_start=None, packages_end=None, allow_overriding=[], cmake_args=None, cmake_target=None, cmake_target_skip_unavailable=False, cmake_clean_cache=False, cmake_clean_first=False, cmake_force_configure=False, ament_cmake_args=None, catkin_cmake_args=None, catkin_skip_building_tests=False, mixin_files=None, mixin=None, verb_parser=<colcon_mixin.mixin.mixin_argument.MixinArgumentDecorator object at 0x7d8f18b6a860>, verb_extension=<colcon_core.verb.build.BuildVerb object at 0x7d8f18b69de0>, main=<bound method BuildVerb.main of <colcon_core.verb.build.BuildVerb object at 0x7d8f18b69de0>>, mixin_verb=('build',))
[0.309s] Level 1:colcon.colcon_core.package_discovery:discover_packages(colcon_meta) check parameters
[0.309s] Level 1:colcon.colcon_core.package_discovery:discover_packages(recursive) check parameters
[0.309s] Level 1:colcon.colcon_core.package_discovery:discover_packages(ignore) check parameters
[0.309s] Level 1:colcon.colcon_core.package_discovery:discover_packages(path) check parameters
[0.309s] Level 1:colcon.colcon_core.package_discovery:discover_packages(colcon_meta) discover
[0.309s] Level 1:colcon.colcon_core.package_discovery:discover_packages(recursive) discover
[0.309s] INFO:colcon.colcon_core.package_discovery:Crawling recursively for packages in '/home/tanakon/RoboticsDev2024'
[0.309s] Level 1:colcon.colcon_core.package_identification:_identify(.) by extensions ['ignore', 'ignore_ament_install']
[0.310s] Level 1:colcon.colcon_core.package_identification:_identify(.) by extension 'ignore'
[0.310s] Level 1:colcon.colcon_core.package_identification:_identify(.) by extension 'ignore_ament_install'
[0.310s] Level 1:colcon.colcon_core.package_identification:_identify(.) by extensions ['colcon_pkg']
[0.310s] Level 1:colcon.colcon_core.package_identification:_identify(.) by extension 'colcon_pkg'
[0.310s] Level 1:colcon.colcon_core.package_identification:_identify(.) by extensions ['colcon_meta']
[0.310s] Level 1:colcon.colcon_core.package_identification:_identify(.) by extension 'colcon_meta'
[0.310s] Level 1:colcon.colcon_core.package_identification:_identify(.) by extensions ['ros']
[0.310s] Level 1:colcon.colcon_core.package_identification:_identify(.) by extension 'ros'
[0.319s] Level 1:colcon.colcon_core.package_identification:_identify(.) by extensions ['cmake', 'python']
[0.319s] Level 1:colcon.colcon_core.package_identification:_identify(.) by extension 'cmake'
[0.319s] Level 1:colcon.colcon_core.package_identification:_identify(.) by extension 'python'
[0.319s] Level 1:colcon.colcon_core.package_identification:_identify(.) by extensions ['python_setup_py']
[0.319s] Level 1:colcon.colcon_core.package_identification:_identify(.) by extension 'python_setup_py'
[0.319s] Level 1:colcon.colcon_core.package_identification:_identify(build) by extensions ['ignore', 'ignore_ament_install']
[0.319s] Level 1:colcon.colcon_core.package_identification:_identify(build) by extension 'ignore'
[0.319s] Level 1:colcon.colcon_core.package_identification:_identify(build) ignored
[0.319s] Level 1:colcon.colcon_core.package_identification:_identify(install) by extensions ['ignore', 'ignore_ament_install']
[0.319s] Level 1:colcon.colcon_core.package_identification:_identify(install) by extension 'ignore'
[0.319s] Level 1:colcon.colcon_core.package_identification:_identify(install) ignored
[0.319s] Level 1:colcon.colcon_core.package_identification:_identify(log) by extensions ['ignore', 'ignore_ament_install']
[0.319s] Level 1:colcon.colcon_core.package_identification:_identify(log) by extension 'ignore'
[0.319s] Level 1:colcon.colcon_core.package_identification:_identify(log) ignored
[0.319s] Level 1:colcon.colcon_core.package_identification:_identify(src) by extensions ['ignore', 'ignore_ament_install']
[0.319s] Level 1:colcon.colcon_core.package_identification:_identify(src) by extension 'ignore'
[0.319s] Level 1:colcon.colcon_core.package_identification:_identify(src) by extension 'ignore_ament_install'
[0.319s] Level 1:colcon.colcon_core.package_identification:_identify(src) by extensions ['colcon_pkg']
[0.319s] Level 1:colcon.colcon_core.package_identification:_identify(src) by extension 'colcon_pkg'
[0.320s] Level 1:colcon.colcon_core.package_identification:_identify(src) by extensions ['colcon_meta']
[0.320s] Level 1:colcon.colcon_core.package_identification:_identify(src) by extension 'colcon_meta'
[0.320s] Level 1:colcon.colcon_core.package_identification:_identify(src) by extensions ['ros']
[0.320s] Level 1:colcon.colcon_core.package_identification:_identify(src) by extension 'ros'
[0.320s] Level 1:colcon.colcon_core.package_identification:_identify(src) by extensions ['cmake', 'python']
[0.320s] Level 1:colcon.colcon_core.package_identification:_identify(src) by extension 'cmake'
[0.320s] Level 1:colcon.colcon_core.package_identification:_identify(src) by extension 'python'
[0.320s] Level 1:colcon.colcon_core.package_identification:_identify(src) by extensions ['python_setup_py']
[0.320s] Level 1:colcon.colcon_core.package_identification:_identify(src) by extension 'python_setup_py'
[0.320s] Level 1:colcon.colcon_core.package_identification:_identify(src/motorsim) by extensions ['ignore', 'ignore_ament_install']
[0.320s] Level 1:colcon.colcon_core.package_identification:_identify(src/motorsim) by extension 'ignore'
[0.320s] Level 1:colcon.colcon_core.package_identification:_identify(src/motorsim) by extension 'ignore_ament_install'
[0.320s] Level 1:colcon.colcon_core.package_identification:_identify(src/motorsim) by extensions ['colcon_pkg']
[0.320s] Level 1:colcon.colcon_core.package_identification:_identify(src/motorsim) by extension 'colcon_pkg'
[0.320s] Level 1:colcon.colcon_core.package_identification:_identify(src/motorsim) by extensions ['colcon_meta']
[0.320s] Level 1:colcon.colcon_core.package_identification:_identify(src/motorsim) by extension 'colcon_meta'
[0.320s] Level 1:colcon.colcon_core.package_identification:_identify(src/motorsim) by extensions ['ros']
[0.320s] Level 1:colcon.colcon_core.package_identification:_identify(src/motorsim) by extension 'ros'
[0.322s] DEBUG:colcon.colcon_core.package_identification:Package 'src/motorsim' with type 'ros.ament_cmake' and name 'motorsim'
[0.322s] Level 1:colcon.colcon_core.package_identification:_identify(src/motorsim_interfaces) by extensions ['ignore', 'ignore_ament_install']
[0.322s] Level 1:colcon.colcon_core.package_identification:_identify(src/motorsim_interfaces) by extension 'ignore'
[0.322s] Level 1:colcon.colcon_core.package_identification:_identify(src/motorsim_interfaces) by extension 'ignore_ament_install'
[0.322s] Level 1:colcon.colcon_core.package_identification:_identify(src/motorsim_interfaces) by extensions ['colcon_pkg']
[0.322s] Level 1:colcon.colcon_core.package_identification:_identify(src/motorsim_interfaces) by extension 'colcon_pkg'
[0.322s] Level 1:colcon.colcon_core.package_identification:_identify(src/motorsim_interfaces) by extensions ['colcon_meta']
[0.322s] Level 1:colcon.colcon_core.package_identification:_identify(src/motorsim_interfaces) by extension 'colcon_meta'
[0.322s] Level 1:colcon.colcon_core.package_identification:_identify(src/motorsim_interfaces) by extensions ['ros']
[0.322s] Level 1:colcon.colcon_core.package_identification:_identify(src/motorsim_interfaces) by extension 'ros'
[0.323s] DEBUG:colcon.colcon_core.package_identification:Package 'src/motorsim_interfaces' with type 'ros.ament_cmake' and name 'motorsim_interfaces'
[0.323s] Level 1:colcon.colcon_core.package_discovery:discover_packages(recursive) using defaults
[0.323s] Level 1:colcon.colcon_core.package_discovery:discover_packages(ignore) discover
[0.323s] Level 1:colcon.colcon_core.package_discovery:discover_packages(ignore) using defaults
[0.323s] Level 1:colcon.colcon_core.package_discovery:discover_packages(path) discover
[0.323s] Level 1:colcon.colcon_core.package_discovery:discover_packages(path) using defaults
[0.341s] Level 1:colcon.colcon_core.package_discovery:discover_packages(prefix_path) check parameters
[0.341s] Level 1:colcon.colcon_core.package_discovery:discover_packages(prefix_path) discover
[0.345s] DEBUG:colcon.colcon_installed_package_information.package_discovery:Found 2 installed packages in /home/tanakon/TA_fra501/install
[0.346s] DEBUG:colcon.colcon_installed_package_information.package_discovery:Found 18 installed packages in /home/tanakon/carver_outdoor_ws/install
[0.346s] DEBUG:colcon.colcon_installed_package_information.package_discovery:Found 4 installed packages in /home/tanakon/FRA501_exam1_6414_6462/install
[0.346s] DEBUG:colcon.colcon_installed_package_information.package_discovery:Found 12 installed packages in /home/tanakon/fra501_ws/install
[0.347s] DEBUG:colcon.colcon_installed_package_information.package_discovery:Found 8 installed packages in /home/tanakon/FRA532EXAM_31_62_WS/install
[0.347s] DEBUG:colcon.colcon_installed_package_information.package_discovery:Found 3 installed packages in /home/tanakon/FRA532EXAM_WS/install
[0.348s] DEBUG:colcon.colcon_installed_package_information.package_discovery:Found 10 installed packages in /home/tanakon/fra532_ws/install
[0.349s] DEBUG:colcon.colcon_installed_package_information.package_discovery:Found 271 installed packages in /opt/ros/humble
[0.350s] Level 1:colcon.colcon_core.package_discovery:discover_packages(prefix_path) using defaults
[0.402s] Level 5:colcon.colcon_core.verb:set package 'motorsim' build argument 'cmake_args' from command line to 'None'
[0.402s] Level 5:colcon.colcon_core.verb:set package 'motorsim' build argument 'cmake_target' from command line to 'None'
[0.402s] Level 5:colcon.colcon_core.verb:set package 'motorsim' build argument 'cmake_target_skip_unavailable' from command line to 'False'
[0.402s] Level 5:colcon.colcon_core.verb:set package 'motorsim' build argument 'cmake_clean_cache' from command line to 'False'
[0.402s] Level 5:colcon.colcon_core.verb:set package 'motorsim' build argument 'cmake_clean_first' from command line to 'False'
[0.402s] Level 5:colcon.colcon_core.verb:set package 'motorsim' build argument 'cmake_force_configure' from command line to 'False'
[0.402s] Level 5:colcon.colcon_core.verb:set package 'motorsim' build argument 'ament_cmake_args' from command line to 'None'
[0.402s] Level 5:colcon.colcon_core.verb:set package 'motorsim' build argument 'catkin_cmake_args' from command line to 'None'
[0.402s] Level 5:colcon.colcon_core.verb:set package 'motorsim' build argument 'catkin_skip_building_tests' from command line to 'False'
[0.402s] DEBUG:colcon.colcon_core.verb:Building package 'motorsim' with the following arguments: {'ament_cmake_args': None, 'build_base': '/home/tanakon/RoboticsDev2024/build/motorsim', 'catkin_cmake_args': None, 'catkin_skip_building_tests': False, 'cmake_args': None, 'cmake_clean_cache': False, 'cmake_clean_first': False, 'cmake_force_configure': False, 'cmake_target': None, 'cmake_target_skip_unavailable': False, 'install_base': '/home/tanakon/RoboticsDev2024/install/motorsim', 'merge_install': False, 'path': '/home/tanakon/RoboticsDev2024/src/motorsim', 'symlink_install': False, 'test_result_base': None}
[0.403s] Level 5:colcon.colcon_core.verb:set package 'motorsim_interfaces' build argument 'cmake_args' from command line to 'None'
[0.403s] Level 5:colcon.colcon_core.verb:set package 'motorsim_interfaces' build argument 'cmake_target' from command line to 'None'
[0.403s] Level 5:colcon.colcon_core.verb:set package 'motorsim_interfaces' build argument 'cmake_target_skip_unavailable' from command line to 'False'
[0.403s] Level 5:colcon.colcon_core.verb:set package 'motorsim_interfaces' build argument 'cmake_clean_cache' from command line to 'False'
[0.403s] Level 5:colcon.colcon_core.verb:set package 'motorsim_interfaces' build argument 'cmake_clean_first' from command line to 'False'
[0.403s] Level 5:colcon.colcon_core.verb:set package 'motorsim_interfaces' build argument 'cmake_force_configure' from command line to 'False'
[0.403s] Level 5:colcon.colcon_core.verb:set package 'motorsim_interfaces' build argument 'ament_cmake_args' from command line to 'None'
[0.403s] Level 5:colcon.colcon_core.verb:set package 'motorsim_interfaces' build argument 'catkin_cmake_args' from command line to 'None'
[0.403s] Level 5:colcon.colcon_core.verb:set package 'motorsim_interfaces' build argument 'catkin_skip_building_tests' from command line to 'False'
[0.403s] DEBUG:colcon.colcon_core.verb:Building package 'motorsim_interfaces' with the following arguments: {'ament_cmake_args': None, 'build_base': '/home/tanakon/RoboticsDev2024/build/motorsim_interfaces', 'catkin_cmake_args': None, 'catkin_skip_building_tests': False, 'cmake_args': None, 'cmake_clean_cache': False, 'cmake_clean_first': False, 'cmake_force_configure': False, 'cmake_target': None, 'cmake_target_skip_unavailable': False, 'install_base': '/home/tanakon/RoboticsDev2024/install/motorsim_interfaces', 'merge_install': False, 'path': '/home/tanakon/RoboticsDev2024/src/motorsim_interfaces', 'symlink_install': False, 'test_result_base': None}
[0.403s] INFO:colcon.colcon_core.executor:Executing jobs using 'parallel' executor
[0.404s] DEBUG:colcon.colcon_parallel_executor.executor.parallel:run_until_complete
[0.404s] INFO:colcon.colcon_ros.task.ament_cmake.build:Building ROS package in '/home/tanakon/RoboticsDev2024/src/motorsim' with build type 'ament_cmake'
[0.404s] INFO:colcon.colcon_cmake.task.cmake.build:Building CMake package in '/home/tanakon/RoboticsDev2024/src/motorsim'
[0.407s] INFO:colcon.colcon_core.plugin_system:Skipping extension 'colcon_core.shell.bat': Not used on non-Windows systems
[0.407s] INFO:colcon.colcon_core.shell:Skip shell extension 'powershell' for command environment: Not usable outside of PowerShell
[0.407s] DEBUG:colcon.colcon_core.shell:Skip shell extension 'dsv' for command environment
[0.414s] INFO:colcon.colcon_ros.task.ament_cmake.build:Building ROS package in '/home/tanakon/RoboticsDev2024/src/motorsim_interfaces' with build type 'ament_cmake'
[0.414s] INFO:colcon.colcon_cmake.task.cmake.build:Building CMake package in '/home/tanakon/RoboticsDev2024/src/motorsim_interfaces'
[0.414s] INFO:colcon.colcon_core.shell:Skip shell extension 'powershell' for command environment: Not usable outside of PowerShell
[0.414s] DEBUG:colcon.colcon_core.shell:Skip shell extension 'dsv' for command environment
[0.425s] DEBUG:colcon.colcon_core.event_handler.log_command:Invoking command in '/home/tanakon/RoboticsDev2024/build/motorsim': CMAKE_PREFIX_PATH=${CMAKE_PREFIX_PATH}:/home/tanakon/carver_outdoor_ws/install/ackermann_odometry:/home/tanakon/carver_outdoor_ws/install/ackermann_controller:/opt/ros/humble /usr/local/bin/cmake /home/tanakon/RoboticsDev2024/src/motorsim -DCMAKE_INSTALL_PREFIX=/home/tanakon/RoboticsDev2024/install/motorsim
[0.431s] DEBUG:colcon.colcon_core.event_handler.log_command:Invoking command in '/home/tanakon/RoboticsDev2024/build/motorsim_interfaces': CMAKE_PREFIX_PATH=${CMAKE_PREFIX_PATH}:/home/tanakon/carver_outdoor_ws/install/ackermann_odometry:/home/tanakon/carver_outdoor_ws/install/ackermann_controller:/opt/ros/humble /usr/local/bin/cmake /home/tanakon/RoboticsDev2024/src/motorsim_interfaces -DCMAKE_INSTALL_PREFIX=/home/tanakon/RoboticsDev2024/install/motorsim_interfaces
[2.055s] DEBUG:colcon.colcon_core.event_handler.log_command:Invoked command in '/home/tanakon/RoboticsDev2024/build/motorsim' returned '0': CMAKE_PREFIX_PATH=${CMAKE_PREFIX_PATH}:/home/tanakon/carver_outdoor_ws/install/ackermann_odometry:/home/tanakon/carver_outdoor_ws/install/ackermann_controller:/opt/ros/humble /usr/local/bin/cmake /home/tanakon/RoboticsDev2024/src/motorsim -DCMAKE_INSTALL_PREFIX=/home/tanakon/RoboticsDev2024/install/motorsim
[2.056s] DEBUG:colcon.colcon_core.event_handler.log_command:Invoking command in '/home/tanakon/RoboticsDev2024/build/motorsim': CMAKE_PREFIX_PATH=${CMAKE_PREFIX_PATH}:/home/tanakon/carver_outdoor_ws/install/ackermann_odometry:/home/tanakon/carver_outdoor_ws/install/ackermann_controller:/opt/ros/humble /usr/local/bin/cmake --build /home/tanakon/RoboticsDev2024/build/motorsim -- -j16 -l16
[2.396s] DEBUG:colcon.colcon_core.event_handler.log_command:Invoked command in '/home/tanakon/RoboticsDev2024/build/motorsim' returned '0': CMAKE_PREFIX_PATH=${CMAKE_PREFIX_PATH}:/home/tanakon/carver_outdoor_ws/install/ackermann_odometry:/home/tanakon/carver_outdoor_ws/install/ackermann_controller:/opt/ros/humble /usr/local/bin/cmake --build /home/tanakon/RoboticsDev2024/build/motorsim -- -j16 -l16
[2.432s] DEBUG:colcon.colcon_core.event_handler.log_command:Invoking command in '/home/tanakon/RoboticsDev2024/build/motorsim': CMAKE_PREFIX_PATH=${CMAKE_PREFIX_PATH}:/home/tanakon/carver_outdoor_ws/install/ackermann_odometry:/home/tanakon/carver_outdoor_ws/install/ackermann_controller:/opt/ros/humble /usr/local/bin/cmake --install /home/tanakon/RoboticsDev2024/build/motorsim
[2.483s] Level 1:colcon.colcon_core.environment:create_environment_scripts_only(motorsim)
[2.483s] DEBUG:colcon.colcon_core.event_handler.log_command:Invoked command in '/home/tanakon/RoboticsDev2024/build/motorsim' returned '0': CMAKE_PREFIX_PATH=${CMAKE_PREFIX_PATH}:/home/tanakon/carver_outdoor_ws/install/ackermann_odometry:/home/tanakon/carver_outdoor_ws/install/ackermann_controller:/opt/ros/humble /usr/local/bin/cmake --install /home/tanakon/RoboticsDev2024/build/motorsim
[2.486s] Level 1:colcon.colcon_core.environment:checking '/home/tanakon/RoboticsDev2024/install/motorsim' for CMake module files
[2.486s] Level 1:colcon.colcon_core.environment:checking '/home/tanakon/RoboticsDev2024/install/motorsim' for CMake config files
[2.487s] Level 1:colcon.colcon_core.shell:create_environment_hook('motorsim', 'cmake_prefix_path')
[2.487s] INFO:colcon.colcon_core.shell:Creating environment hook '/home/tanakon/RoboticsDev2024/install/motorsim/share/motorsim/hook/cmake_prefix_path.ps1'
[2.487s] INFO:colcon.colcon_core.shell:Creating environment descriptor '/home/tanakon/RoboticsDev2024/install/motorsim/share/motorsim/hook/cmake_prefix_path.dsv'
[2.488s] INFO:colcon.colcon_core.shell:Creating environment hook '/home/tanakon/RoboticsDev2024/install/motorsim/share/motorsim/hook/cmake_prefix_path.sh'
[2.488s] Level 1:colcon.colcon_core.environment:checking '/home/tanakon/RoboticsDev2024/install/motorsim/lib'
[2.488s] Level 1:colcon.colcon_core.environment:checking '/home/tanakon/RoboticsDev2024/install/motorsim/bin'
[2.489s] Level 1:colcon.colcon_core.environment:checking '/home/tanakon/RoboticsDev2024/install/motorsim/lib/pkgconfig/motorsim.pc'
[2.489s] Level 1:colcon.colcon_core.environment:checking '/home/tanakon/RoboticsDev2024/install/motorsim/lib/python3.10/site-packages'
[2.489s] Level 1:colcon.colcon_core.environment:checking '/home/tanakon/RoboticsDev2024/install/motorsim/bin'
[2.489s] INFO:colcon.colcon_core.shell:Creating package script '/home/tanakon/RoboticsDev2024/install/motorsim/share/motorsim/package.ps1'
[2.490s] INFO:colcon.colcon_core.shell:Creating package descriptor '/home/tanakon/RoboticsDev2024/install/motorsim/share/motorsim/package.dsv'
[2.490s] INFO:colcon.colcon_core.shell:Creating package script '/home/tanakon/RoboticsDev2024/install/motorsim/share/motorsim/package.sh'
[2.491s] INFO:colcon.colcon_core.shell:Creating package script '/home/tanakon/RoboticsDev2024/install/motorsim/share/motorsim/package.bash'
[2.491s] INFO:colcon.colcon_core.shell:Creating package script '/home/tanakon/RoboticsDev2024/install/motorsim/share/motorsim/package.zsh'
[2.492s] Level 1:colcon.colcon_core.environment:create_file_with_runtime_dependencies(/home/tanakon/RoboticsDev2024/install/motorsim/share/colcon-core/packages/motorsim)
[2.523s] Level 1:colcon.colcon_core.environment:create_environment_scripts_only(motorsim)
[2.523s] Level 1:colcon.colcon_core.environment:checking '/home/tanakon/RoboticsDev2024/install/motorsim' for CMake module files
[2.523s] Level 1:colcon.colcon_core.environment:checking '/home/tanakon/RoboticsDev2024/install/motorsim' for CMake config files
[2.524s] Level 1:colcon.colcon_core.shell:create_environment_hook('motorsim', 'cmake_prefix_path')
[2.524s] INFO:colcon.colcon_core.shell:Creating environment hook '/home/tanakon/RoboticsDev2024/install/motorsim/share/motorsim/hook/cmake_prefix_path.ps1'
[2.524s] INFO:colcon.colcon_core.shell:Creating environment descriptor '/home/tanakon/RoboticsDev2024/install/motorsim/share/motorsim/hook/cmake_prefix_path.dsv'
[2.524s] INFO:colcon.colcon_core.shell:Creating environment hook '/home/tanakon/RoboticsDev2024/install/motorsim/share/motorsim/hook/cmake_prefix_path.sh'
[2.525s] Level 1:colcon.colcon_core.environment:checking '/home/tanakon/RoboticsDev2024/install/motorsim/lib'
[2.525s] Level 1:colcon.colcon_core.environment:checking '/home/tanakon/RoboticsDev2024/install/motorsim/bin'
[2.525s] Level 1:colcon.colcon_core.environment:checking '/home/tanakon/RoboticsDev2024/install/motorsim/lib/pkgconfig/motorsim.pc'
[2.525s] Level 1:colcon.colcon_core.environment:checking '/home/tanakon/RoboticsDev2024/install/motorsim/lib/python3.10/site-packages'
[2.525s] Level 1:colcon.colcon_core.environment:checking '/home/tanakon/RoboticsDev2024/install/motorsim/bin'
[2.525s] INFO:colcon.colcon_core.shell:Creating package script '/home/tanakon/RoboticsDev2024/install/motorsim/share/motorsim/package.ps1'
[2.525s] INFO:colcon.colcon_core.shell:Creating package descriptor '/home/tanakon/RoboticsDev2024/install/motorsim/share/motorsim/package.dsv'
[2.526s] INFO:colcon.colcon_core.shell:Creating package script '/home/tanakon/RoboticsDev2024/install/motorsim/share/motorsim/package.sh'
[2.526s] INFO:colcon.colcon_core.shell:Creating package script '/home/tanakon/RoboticsDev2024/install/motorsim/share/motorsim/package.bash'
[2.526s] INFO:colcon.colcon_core.shell:Creating package script '/home/tanakon/RoboticsDev2024/install/motorsim/share/motorsim/package.zsh'
[2.526s] Level 1:colcon.colcon_core.environment:create_file_with_runtime_dependencies(/home/tanakon/RoboticsDev2024/install/motorsim/share/colcon-core/packages/motorsim)
[2.929s] DEBUG:colcon.colcon_core.event_handler.log_command:Invoked command in '/home/tanakon/RoboticsDev2024/build/motorsim_interfaces' returned '0': CMAKE_PREFIX_PATH=${CMAKE_PREFIX_PATH}:/home/tanakon/carver_outdoor_ws/install/ackermann_odometry:/home/tanakon/carver_outdoor_ws/install/ackermann_controller:/opt/ros/humble /usr/local/bin/cmake /home/tanakon/RoboticsDev2024/src/motorsim_interfaces -DCMAKE_INSTALL_PREFIX=/home/tanakon/RoboticsDev2024/install/motorsim_interfaces
[2.931s] DEBUG:colcon.colcon_core.event_handler.log_command:Invoking command in '/home/tanakon/RoboticsDev2024/build/motorsim_interfaces': CMAKE_PREFIX_PATH=${CMAKE_PREFIX_PATH}:/home/tanakon/carver_outdoor_ws/install/ackermann_odometry:/home/tanakon/carver_outdoor_ws/install/ackermann_controller:/opt/ros/humble /usr/local/bin/cmake --build /home/tanakon/RoboticsDev2024/build/motorsim_interfaces -- -j16 -l16
[4.217s] DEBUG:colcon.colcon_core.event_handler.log_command:Invoked command in '/home/tanakon/RoboticsDev2024/build/motorsim_interfaces' returned '0': CMAKE_PREFIX_PATH=${CMAKE_PREFIX_PATH}:/home/tanakon/carver_outdoor_ws/install/ackermann_odometry:/home/tanakon/carver_outdoor_ws/install/ackermann_controller:/opt/ros/humble /usr/local/bin/cmake --build /home/tanakon/RoboticsDev2024/build/motorsim_interfaces -- -j16 -l16
[4.305s] DEBUG:colcon.colcon_core.event_handler.log_command:Invoking command in '/home/tanakon/RoboticsDev2024/build/motorsim_interfaces': CMAKE_PREFIX_PATH=${CMAKE_PREFIX_PATH}:/home/tanakon/carver_outdoor_ws/install/ackermann_odometry:/home/tanakon/carver_outdoor_ws/install/ackermann_controller:/opt/ros/humble /usr/local/bin/cmake --install /home/tanakon/RoboticsDev2024/build/motorsim_interfaces
[4.367s] Level 1:colcon.colcon_core.environment:create_environment_scripts_only(motorsim_interfaces)
[4.367s] DEBUG:colcon.colcon_core.event_handler.log_command:Invoked command in '/home/tanakon/RoboticsDev2024/build/motorsim_interfaces' returned '0': CMAKE_PREFIX_PATH=${CMAKE_PREFIX_PATH}:/home/tanakon/carver_outdoor_ws/install/ackermann_odometry:/home/tanakon/carver_outdoor_ws/install/ackermann_controller:/opt/ros/humble /usr/local/bin/cmake --install /home/tanakon/RoboticsDev2024/build/motorsim_interfaces
[4.367s] Level 1:colcon.colcon_core.environment:checking '/home/tanakon/RoboticsDev2024/install/motorsim_interfaces' for CMake module files
[4.368s] Level 1:colcon.colcon_core.environment:checking '/home/tanakon/RoboticsDev2024/install/motorsim_interfaces' for CMake config files
[4.368s] Level 1:colcon.colcon_core.shell:create_environment_hook('motorsim_interfaces', 'cmake_prefix_path')
[4.368s] INFO:colcon.colcon_core.shell:Creating environment hook '/home/tanakon/RoboticsDev2024/install/motorsim_interfaces/share/motorsim_interfaces/hook/cmake_prefix_path.ps1'
[4.369s] INFO:colcon.colcon_core.shell:Creating environment descriptor '/home/tanakon/RoboticsDev2024/install/motorsim_interfaces/share/motorsim_interfaces/hook/cmake_prefix_path.dsv'
[4.369s] INFO:colcon.colcon_core.shell:Creating environment hook '/home/tanakon/RoboticsDev2024/install/motorsim_interfaces/share/motorsim_interfaces/hook/cmake_prefix_path.sh'
[4.369s] Level 1:colcon.colcon_core.environment:checking '/home/tanakon/RoboticsDev2024/install/motorsim_interfaces/lib'
[4.369s] Level 1:colcon.colcon_core.shell:create_environment_hook('motorsim_interfaces', 'ld_library_path_lib')
[4.369s] INFO:colcon.colcon_core.shell:Creating environment hook '/home/tanakon/RoboticsDev2024/install/motorsim_interfaces/share/motorsim_interfaces/hook/ld_library_path_lib.ps1'
[4.369s] INFO:colcon.colcon_core.shell:Creating environment descriptor '/home/tanakon/RoboticsDev2024/install/motorsim_interfaces/share/motorsim_interfaces/hook/ld_library_path_lib.dsv'
[4.370s] INFO:colcon.colcon_core.shell:Creating environment hook '/home/tanakon/RoboticsDev2024/install/motorsim_interfaces/share/motorsim_interfaces/hook/ld_library_path_lib.sh'
[4.370s] Level 1:colcon.colcon_core.environment:checking '/home/tanakon/RoboticsDev2024/install/motorsim_interfaces/bin'
[4.370s] Level 1:colcon.colcon_core.environment:checking '/home/tanakon/RoboticsDev2024/install/motorsim_interfaces/lib/pkgconfig/motorsim_interfaces.pc'
[4.370s] Level 1:colcon.colcon_core.environment:checking '/home/tanakon/RoboticsDev2024/install/motorsim_interfaces/lib/python3.10/site-packages'
[4.370s] Level 1:colcon.colcon_core.environment:checking '/home/tanakon/RoboticsDev2024/install/motorsim_interfaces/bin'
[4.370s] INFO:colcon.colcon_core.shell:Creating package script '/home/tanakon/RoboticsDev2024/install/motorsim_interfaces/share/motorsim_interfaces/package.ps1'
[4.371s] INFO:colcon.colcon_core.shell:Creating package descriptor '/home/tanakon/RoboticsDev2024/install/motorsim_interfaces/share/motorsim_interfaces/package.dsv'
[4.371s] INFO:colcon.colcon_core.shell:Creating package script '/home/tanakon/RoboticsDev2024/install/motorsim_interfaces/share/motorsim_interfaces/package.sh'
[4.371s] INFO:colcon.colcon_core.shell:Creating package script '/home/tanakon/RoboticsDev2024/install/motorsim_interfaces/share/motorsim_interfaces/package.bash'
[4.371s] INFO:colcon.colcon_core.shell:Creating package script '/home/tanakon/RoboticsDev2024/install/motorsim_interfaces/share/motorsim_interfaces/package.zsh'
[4.372s] Level 1:colcon.colcon_core.environment:create_file_with_runtime_dependencies(/home/tanakon/RoboticsDev2024/install/motorsim_interfaces/share/colcon-core/packages/motorsim_interfaces)
[4.457s] Level 1:colcon.colcon_core.environment:create_environment_scripts_only(motorsim_interfaces)
[4.457s] Level 1:colcon.colcon_core.environment:checking '/home/tanakon/RoboticsDev2024/install/motorsim_interfaces' for CMake module files
[4.457s] Level 1:colcon.colcon_core.environment:checking '/home/tanakon/RoboticsDev2024/install/motorsim_interfaces' for CMake config files
[4.458s] Level 1:colcon.colcon_core.shell:create_environment_hook('motorsim_interfaces', 'cmake_prefix_path')
[4.458s] INFO:colcon.colcon_core.shell:Creating environment hook '/home/tanakon/RoboticsDev2024/install/motorsim_interfaces/share/motorsim_interfaces/hook/cmake_prefix_path.ps1'
[4.458s] INFO:colcon.colcon_core.shell:Creating environment descriptor '/home/tanakon/RoboticsDev2024/install/motorsim_interfaces/share/motorsim_interfaces/hook/cmake_prefix_path.dsv'
[4.458s] INFO:colcon.colcon_core.shell:Creating environment hook '/home/tanakon/RoboticsDev2024/install/motorsim_interfaces/share/motorsim_interfaces/hook/cmake_prefix_path.sh'
[4.459s] Level 1:colcon.colcon_core.environment:checking '/home/tanakon/RoboticsDev2024/install/motorsim_interfaces/lib'
[4.459s] Level 1:colcon.colcon_core.shell:create_environment_hook('motorsim_interfaces', 'ld_library_path_lib')
[4.459s] INFO:colcon.colcon_core.shell:Creating environment hook '/home/tanakon/RoboticsDev2024/install/motorsim_interfaces/share/motorsim_interfaces/hook/ld_library_path_lib.ps1'
[4.459s] INFO:colcon.colcon_core.shell:Creating environment descriptor '/home/tanakon/RoboticsDev2024/install/motorsim_interfaces/share/motorsim_interfaces/hook/ld_library_path_lib.dsv'
[4.459s] INFO:colcon.colcon_core.shell:Creating environment hook '/home/tanakon/RoboticsDev2024/install/motorsim_interfaces/share/motorsim_interfaces/hook/ld_library_path_lib.sh'
[4.459s] Level 1:colcon.colcon_core.environment:checking '/home/tanakon/RoboticsDev2024/install/motorsim_interfaces/bin'
[4.460s] Level 1:colcon.colcon_core.environment:checking '/home/tanakon/RoboticsDev2024/install/motorsim_interfaces/lib/pkgconfig/motorsim_interfaces.pc'
[4.460s] Level 1:colcon.colcon_core.environment:checking '/home/tanakon/RoboticsDev2024/install/motorsim_interfaces/lib/python3.10/site-packages'
[4.460s] Level 1:colcon.colcon_core.environment:checking '/home/tanakon/RoboticsDev2024/install/motorsim_interfaces/bin'
[4.460s] INFO:colcon.colcon_core.shell:Creating package script '/home/tanakon/RoboticsDev2024/install/motorsim_interfaces/share/motorsim_interfaces/package.ps1'
[4.460s] INFO:colcon.colcon_core.shell:Creating package descriptor '/home/tanakon/RoboticsDev2024/install/motorsim_interfaces/share/motorsim_interfaces/package.dsv'
[4.461s] INFO:colcon.colcon_core.shell:Creating package script '/home/tanakon/RoboticsDev2024/install/motorsim_interfaces/share/motorsim_interfaces/package.sh'
[4.461s] INFO:colcon.colcon_core.shell:Creating package script '/home/tanakon/RoboticsDev2024/install/motorsim_interfaces/share/motorsim_interfaces/package.bash'
[4.461s] INFO:colcon.colcon_core.shell:Creating package script '/home/tanakon/RoboticsDev2024/install/motorsim_interfaces/share/motorsim_interfaces/package.zsh'
[4.461s] Level 1:colcon.colcon_core.environment:create_file_with_runtime_dependencies(/home/tanakon/RoboticsDev2024/install/motorsim_interfaces/share/colcon-core/packages/motorsim_interfaces)
[4.462s] DEBUG:colcon.colcon_parallel_executor.executor.parallel:closing loop
[4.462s] DEBUG:colcon.colcon_parallel_executor.executor.parallel:loop closed
[4.462s] DEBUG:colcon.colcon_parallel_executor.executor.parallel:run_until_complete finished with '0'
[4.462s] DEBUG:colcon.colcon_core.event_reactor:joining thread
[4.468s] INFO:colcon.colcon_core.plugin_system:Skipping extension 'colcon_notification.desktop_notification.terminal_notifier': Not used on non-Darwin systems
[4.468s] INFO:colcon.colcon_core.plugin_system:Skipping extension 'colcon_notification.desktop_notification.win32': Not used on non-Windows systems
[4.468s] INFO:colcon.colcon_notification.desktop_notification:Sending desktop notification using 'notify2'
[4.479s] DEBUG:colcon.colcon_core.event_reactor:joined thread
[4.480s] INFO:colcon.colcon_core.shell:Creating prefix script '/home/tanakon/RoboticsDev2024/install/local_setup.ps1'
[4.480s] INFO:colcon.colcon_core.shell:Creating prefix util module '/home/tanakon/RoboticsDev2024/install/_local_setup_util_ps1.py'
[4.481s] INFO:colcon.colcon_core.shell:Creating prefix chain script '/home/tanakon/RoboticsDev2024/install/setup.ps1'
[4.484s] INFO:colcon.colcon_core.shell:Creating prefix script '/home/tanakon/RoboticsDev2024/install/local_setup.sh'
[4.484s] INFO:colcon.colcon_core.shell:Creating prefix util module '/home/tanakon/RoboticsDev2024/install/_local_setup_util_sh.py'
[4.485s] INFO:colcon.colcon_core.shell:Creating prefix chain script '/home/tanakon/RoboticsDev2024/install/setup.sh'
[4.487s] INFO:colcon.colcon_core.shell:Creating prefix script '/home/tanakon/RoboticsDev2024/install/local_setup.bash'
[4.487s] INFO:colcon.colcon_core.shell:Creating prefix chain script '/home/tanakon/RoboticsDev2024/install/setup.bash'
[4.490s] INFO:colcon.colcon_core.shell:Creating prefix script '/home/tanakon/RoboticsDev2024/install/local_setup.zsh'
[4.490s] INFO:colcon.colcon_core.shell:Creating prefix chain script '/home/tanakon/RoboticsDev2024/install/setup.zsh'
